26-Mar-2021 10:34:55.425 INFO [main] org.apache.catalina.startup.VersionLoggerListener.log Server version:        Apache Tomcat/8.5.35
26-Mar-2021 10:34:55.434 INFO [main] org.apache.catalina.startup.VersionLoggerListener.log Server built:          Nov 3 2018 17:39:20 UTC
26-Mar-2021 10:34:55.434 INFO [main] org.apache.catalina.startup.VersionLoggerListener.log Server number:         8.5.35.0
26-Mar-2021 10:34:55.434 INFO [main] org.apache.catalina.startup.VersionLoggerListener.log OS Name:               Windows 10
26-Mar-2021 10:34:55.434 INFO [main] org.apache.catalina.startup.VersionLoggerListener.log OS Version:            10.0
26-Mar-2021 10:34:55.435 INFO [main] org.apache.catalina.startup.VersionLoggerListener.log Architecture:          amd64
26-Mar-2021 10:34:55.435 INFO [main] org.apache.catalina.startup.VersionLoggerListener.log Java Home:             C:\Program Files\Java\jdk1.8.0_191\jre
26-Mar-2021 10:34:55.435 INFO [main] org.apache.catalina.startup.VersionLoggerListener.log JVM Version:           1.8.0_191-b12
26-Mar-2021 10:34:55.435 INFO [main] org.apache.catalina.startup.VersionLoggerListener.log JVM Vendor:            Oracle Corporation
26-Mar-2021 10:34:55.440 INFO [main] org.apache.catalina.startup.VersionLoggerListener.log CATALINA_BASE:         D:\Ashish\Software Setups\apache-tomcat-8.5.35-windows-x64\apache-tomcat-8.5.35
26-Mar-2021 10:34:55.440 INFO [main] org.apache.catalina.startup.VersionLoggerListener.log CATALINA_HOME:         D:\Ashish\Software Setups\apache-tomcat-8.5.35-windows-x64\apache-tomcat-8.5.35
26-Mar-2021 10:34:55.441 INFO [main] org.apache.catalina.startup.VersionLoggerListener.log Command line argument: -Djava.util.logging.config.file=D:\Ashish\Software Setups\apache-tomcat-8.5.35-windows-x64\apache-tomcat-8.5.35\conf\logging.properties
26-Mar-2021 10:34:55.441 INFO [main] org.apache.catalina.startup.VersionLoggerListener.log Command line argument: -Djava.util.logging.manager=org.apache.juli.ClassLoaderLogManager
26-Mar-2021 10:34:55.441 INFO [main] org.apache.catalina.startup.VersionLoggerListener.log Command line argument: -Djdk.tls.ephemeralDHKeySize=2048
26-Mar-2021 10:34:55.441 INFO [main] org.apache.catalina.startup.VersionLoggerListener.log Command line argument: -Djava.protocol.handler.pkgs=org.apache.catalina.webresources
26-Mar-2021 10:34:55.441 INFO [main] org.apache.catalina.startup.VersionLoggerListener.log Command line argument: -Dignore.endorsed.dirs=
26-Mar-2021 10:34:55.442 INFO [main] org.apache.catalina.startup.VersionLoggerListener.log Command line argument: -Dcatalina.base=D:\Ashish\Software Setups\apache-tomcat-8.5.35-windows-x64\apache-tomcat-8.5.35
26-Mar-2021 10:34:55.442 INFO [main] org.apache.catalina.startup.VersionLoggerListener.log Command line argument: -Dcatalina.home=D:\Ashish\Software Setups\apache-tomcat-8.5.35-windows-x64\apache-tomcat-8.5.35
26-Mar-2021 10:34:55.443 INFO [main] org.apache.catalina.startup.VersionLoggerListener.log Command line argument: -Djava.io.tmpdir=D:\Ashish\Software Setups\apache-tomcat-8.5.35-windows-x64\apache-tomcat-8.5.35\temp
26-Mar-2021 10:34:55.446 INFO [main] org.apache.catalina.core.AprLifecycleListener.lifecycleEvent Loaded APR based Apache Tomcat Native library [1.2.18] using APR version [1.6.5].
26-Mar-2021 10:34:55.449 INFO [main] org.apache.catalina.core.AprLifecycleListener.lifecycleEvent APR capabilities: IPv6 [true], sendfile [true], accept filters [false], random [true].
26-Mar-2021 10:34:55.449 INFO [main] org.apache.catalina.core.AprLifecycleListener.lifecycleEvent APR/OpenSSL configuration: useAprConnector [false], useOpenSSL [true]
26-Mar-2021 10:34:55.481 INFO [main] org.apache.catalina.core.AprLifecycleListener.initializeSSL OpenSSL successfully initialized [OpenSSL 1.1.1  11 Sep 2018]
26-Mar-2021 10:34:56.521 INFO [main] org.apache.coyote.AbstractProtocol.init Initializing ProtocolHandler ["http-nio-8084"]
26-Mar-2021 10:34:56.774 INFO [main] org.apache.tomcat.util.net.NioSelectorPool.getSharedSelector Using a shared selector for servlet write/read
26-Mar-2021 10:34:56.815 INFO [main] org.apache.coyote.AbstractProtocol.init Initializing ProtocolHandler ["ajp-nio-8009"]
26-Mar-2021 10:34:56.817 INFO [main] org.apache.tomcat.util.net.NioSelectorPool.getSharedSelector Using a shared selector for servlet write/read
26-Mar-2021 10:34:56.818 INFO [main] org.apache.catalina.startup.Catalina.load Initialization processed in 2812 ms
26-Mar-2021 10:34:56.956 INFO [main] org.apache.catalina.core.StandardService.startInternal Starting service [Catalina]
26-Mar-2021 10:34:56.956 INFO [main] org.apache.catalina.core.StandardEngine.startInternal Starting Servlet Engine: Apache Tomcat/8.5.35
26-Mar-2021 10:34:57.040 SEVERE [Catalina-startStop-1] org.apache.catalina.core.ContainerBase.startInternal A child container failed during start
 java.util.concurrent.ExecutionException: org.apache.catalina.LifecycleException: Failed to start component [StandardEngine[Catalina].StandardHost[localhost].StandardContext[/JSP_Demo]]
	at java.util.concurrent.FutureTask.report(FutureTask.java:122)
	at java.util.concurrent.FutureTask.get(FutureTask.java:192)
	at org.apache.catalina.core.ContainerBase.startInternal(ContainerBase.java:942)
	at org.apache.catalina.core.StandardHost.startInternal(StandardHost.java:872)
	at org.apache.catalina.util.LifecycleBase.start(LifecycleBase.java:150)
	at org.apache.catalina.core.ContainerBase$StartChild.call(ContainerBase.java:1423)
	at org.apache.catalina.core.ContainerBase$StartChild.call(ContainerBase.java:1413)
	at java.util.concurrent.FutureTask.run(FutureTask.java:266)
	at java.util.concurrent.ThreadPoolExecutor.runWorker(ThreadPoolExecutor.java:1149)
	at java.util.concurrent.ThreadPoolExecutor$Worker.run(ThreadPoolExecutor.java:624)
	at java.lang.Thread.run(Thread.java:748)
Caused by: org.apache.catalina.LifecycleException: Failed to start component [StandardEngine[Catalina].StandardHost[localhost].StandardContext[/JSP_Demo]]
	at org.apache.catalina.util.LifecycleBase.start(LifecycleBase.java:167)
	... 6 more
Caused by: org.apache.catalina.LifecycleException: Failed to start component [org.apache.catalina.webresources.StandardRoot@c919349]
	at org.apache.catalina.util.LifecycleBase.start(LifecycleBase.java:167)
	at org.apache.catalina.core.StandardContext.resourcesStart(StandardContext.java:4907)
	at org.apache.catalina.core.StandardContext.startInternal(StandardContext.java:5042)
	at org.apache.catalina.util.LifecycleBase.start(LifecycleBase.java:150)
	... 6 more
Caused by: java.lang.IllegalArgumentException: The main resource set specified [D:\Ashish\Setups\apache-tomcat-8.5.35-windows-x64\apache-tomcat-8.5.35\wtpwebapps\JSP_Demo] is not valid
	at org.apache.catalina.webresources.StandardRoot.createMainResourceSet(StandardRoot.java:748)
	at org.apache.catalina.webresources.StandardRoot.startInternal(StandardRoot.java:706)
	at org.apache.catalina.util.LifecycleBase.start(LifecycleBase.java:150)
	... 9 more

26-Mar-2021 10:34:57.042 SEVERE [main] org.apache.catalina.core.ContainerBase.startInternal A child container failed during start
 java.util.concurrent.ExecutionException: org.apache.catalina.LifecycleException: Failed to start component [StandardEngine[Catalina].StandardHost[localhost]]
	at java.util.concurrent.FutureTask.report(FutureTask.java:122)
	at java.util.concurrent.FutureTask.get(FutureTask.java:192)
	at org.apache.catalina.core.ContainerBase.startInternal(ContainerBase.java:942)
	at org.apache.catalina.core.StandardEngine.startInternal(StandardEngine.java:262)
	at org.apache.catalina.util.LifecycleBase.start(LifecycleBase.java:150)
	at org.apache.catalina.core.StandardService.startInternal(StandardService.java:422)
	at org.apache.catalina.util.LifecycleBase.start(LifecycleBase.java:150)
	at org.apache.catalina.core.StandardServer.startInternal(StandardServer.java:793)
	at org.apache.catalina.util.LifecycleBase.start(LifecycleBase.java:150)
	at org.apache.catalina.startup.Catalina.start(Catalina.java:687)
	at sun.reflect.NativeMethodAccessorImpl.invoke0(Native Method)
	at sun.reflect.NativeMethodAccessorImpl.invoke(NativeMethodAccessorImpl.java:62)
	at sun.reflect.DelegatingMethodAccessorImpl.invoke(DelegatingMethodAccessorImpl.java:43)
	at java.lang.reflect.Method.invoke(Method.java:498)
	at org.apache.catalina.startup.Bootstrap.start(Bootstrap.java:353)
	at org.apache.catalina.startup.Bootstrap.main(Bootstrap.java:493)
Caused by: org.apache.catalina.LifecycleException: Failed to start component [StandardEngine[Catalina].StandardHost[localhost]]
	at org.apache.catalina.util.LifecycleBase.start(LifecycleBase.java:167)
	at org.apache.catalina.core.ContainerBase$StartChild.call(ContainerBase.java:1423)
	at org.apache.catalina.core.ContainerBase$StartChild.call(ContainerBase.java:1413)
	at java.util.concurrent.FutureTask.run(FutureTask.java:266)
	at java.util.concurrent.ThreadPoolExecutor.runWorker(ThreadPoolExecutor.java:1149)
	at java.util.concurrent.ThreadPoolExecutor$Worker.run(ThreadPoolExecutor.java:624)
	at java.lang.Thread.run(Thread.java:748)
Caused by: org.apache.catalina.LifecycleException: A child container failed during start
	at org.apache.catalina.core.ContainerBase.startInternal(ContainerBase.java:953)
	at org.apache.catalina.core.StandardHost.startInternal(StandardHost.java:872)
	at org.apache.catalina.util.LifecycleBase.start(LifecycleBase.java:150)
	... 6 more
Caused by: java.util.concurrent.ExecutionException: org.apache.catalina.LifecycleException: Failed to start component [StandardEngine[Catalina].StandardHost[localhost].StandardContext[/JSP_Demo]]
	at java.util.concurrent.FutureTask.report(FutureTask.java:122)
	at java.util.concurrent.FutureTask.get(FutureTask.java:192)
	at org.apache.catalina.core.ContainerBase.startInternal(ContainerBase.java:942)
	... 8 more
Caused by: org.apache.catalina.LifecycleException: Failed to start component [StandardEngine[Catalina].StandardHost[localhost].StandardContext[/JSP_Demo]]
	at org.apache.catalina.util.LifecycleBase.start(LifecycleBase.java:167)
	... 6 more
Caused by: org.apache.catalina.LifecycleException: Failed to start component [org.apache.catalina.webresources.StandardRoot@c919349]
	at org.apache.catalina.util.LifecycleBase.start(LifecycleBase.java:167)
	at org.apache.catalina.core.StandardContext.resourcesStart(StandardContext.java:4907)
	at org.apache.catalina.core.StandardContext.startInternal(StandardContext.java:5042)
	at org.apache.catalina.util.LifecycleBase.start(LifecycleBase.java:150)
	... 6 more
Caused by: java.lang.IllegalArgumentException: The main resource set specified [D:\Ashish\Setups\apache-tomcat-8.5.35-windows-x64\apache-tomcat-8.5.35\wtpwebapps\JSP_Demo] is not valid
	at org.apache.catalina.webresources.StandardRoot.createMainResourceSet(StandardRoot.java:748)
	at org.apache.catalina.webresources.StandardRoot.startInternal(StandardRoot.java:706)
	at org.apache.catalina.util.LifecycleBase.start(LifecycleBase.java:150)
	... 9 more

26-Mar-2021 10:34:57.045 SEVERE [main] org.apache.catalina.startup.Catalina.start The required Server component failed to start so Tomcat is unable to start.
 org.apache.catalina.LifecycleException: Failed to start component [StandardServer[8005]]
	at org.apache.catalina.util.LifecycleBase.start(LifecycleBase.java:167)
	at org.apache.catalina.startup.Catalina.start(Catalina.java:687)
	at sun.reflect.NativeMethodAccessorImpl.invoke0(Native Method)
	at sun.reflect.NativeMethodAccessorImpl.invoke(NativeMethodAccessorImpl.java:62)
	at sun.reflect.DelegatingMethodAccessorImpl.invoke(DelegatingMethodAccessorImpl.java:43)
	at java.lang.reflect.Method.invoke(Method.java:498)
	at org.apache.catalina.startup.Bootstrap.start(Bootstrap.java:353)
	at org.apache.catalina.startup.Bootstrap.main(Bootstrap.java:493)
Caused by: org.apache.catalina.LifecycleException: Failed to start component [StandardService[Catalina]]
	at org.apache.catalina.util.LifecycleBase.start(LifecycleBase.java:167)
	at org.apache.catalina.core.StandardServer.startInternal(StandardServer.java:793)
	at org.apache.catalina.util.LifecycleBase.start(LifecycleBase.java:150)
	... 7 more
Caused by: org.apache.catalina.LifecycleException: Failed to start component [StandardEngine[Catalina]]
	at org.apache.catalina.util.LifecycleBase.start(LifecycleBase.java:167)
	at org.apache.catalina.core.StandardService.startInternal(StandardService.java:422)
	at org.apache.catalina.util.LifecycleBase.start(LifecycleBase.java:150)
	... 9 more
Caused by: org.apache.catalina.LifecycleException: A child container failed during start
	at org.apache.catalina.core.ContainerBase.startInternal(ContainerBase.java:953)
	at org.apache.catalina.core.StandardEngine.startInternal(StandardEngine.java:262)
	at org.apache.catalina.util.LifecycleBase.start(LifecycleBase.java:150)
	... 11 more
Caused by: java.util.concurrent.ExecutionException: org.apache.catalina.LifecycleException: Failed to start component [StandardEngine[Catalina].StandardHost[localhost]]
	at java.util.concurrent.FutureTask.report(FutureTask.java:122)
	at java.util.concurrent.FutureTask.get(FutureTask.java:192)
	at org.apache.catalina.core.ContainerBase.startInternal(ContainerBase.java:942)
	... 13 more
Caused by: org.apache.catalina.LifecycleException: Failed to start component [StandardEngine[Catalina].StandardHost[localhost]]
	at org.apache.catalina.util.LifecycleBase.start(LifecycleBase.java:167)
	at org.apache.catalina.core.ContainerBase$StartChild.call(ContainerBase.java:1423)
	at org.apache.catalina.core.ContainerBase$StartChild.call(ContainerBase.java:1413)
	at java.util.concurrent.FutureTask.run(FutureTask.java:266)
	at java.util.concurrent.ThreadPoolExecutor.runWorker(ThreadPoolExecutor.java:1149)
	at java.util.concurrent.ThreadPoolExecutor$Worker.run(ThreadPoolExecutor.java:624)
	at java.lang.Thread.run(Thread.java:748)
Caused by: org.apache.catalina.LifecycleException: A child container failed during start
	at org.apache.catalina.core.ContainerBase.startInternal(ContainerBase.java:953)
	at org.apache.catalina.core.StandardHost.startInternal(StandardHost.java:872)
	at org.apache.catalina.util.LifecycleBase.start(LifecycleBase.java:150)
	... 6 more
Caused by: java.util.concurrent.ExecutionException: org.apache.catalina.LifecycleException: Failed to start component [StandardEngine[Catalina].StandardHost[localhost].StandardContext[/JSP_Demo]]
	at java.util.concurrent.FutureTask.report(FutureTask.java:122)
	at java.util.concurrent.FutureTask.get(FutureTask.java:192)
	at org.apache.catalina.core.ContainerBase.startInternal(ContainerBase.java:942)
	... 8 more
Caused by: org.apache.catalina.LifecycleException: Failed to start component [StandardEngine[Catalina].StandardHost[localhost].StandardContext[/JSP_Demo]]
	at org.apache.catalina.util.LifecycleBase.start(LifecycleBase.java:167)
	... 6 more
Caused by: org.apache.catalina.LifecycleException: Failed to start component [org.apache.catalina.webresources.StandardRoot@c919349]
	at org.apache.catalina.util.LifecycleBase.start(LifecycleBase.java:167)
	at org.apache.catalina.core.StandardContext.resourcesStart(StandardContext.java:4907)
	at org.apache.catalina.core.StandardContext.startInternal(StandardContext.java:5042)
	at org.apache.catalina.util.LifecycleBase.start(LifecycleBase.java:150)
	... 6 more
Caused by: java.lang.IllegalArgumentException: The main resource set specified [D:\Ashish\Setups\apache-tomcat-8.5.35-windows-x64\apache-tomcat-8.5.35\wtpwebapps\JSP_Demo] is not valid
	at org.apache.catalina.webresources.StandardRoot.createMainResourceSet(StandardRoot.java:748)
	at org.apache.catalina.webresources.StandardRoot.startInternal(StandardRoot.java:706)
	at org.apache.catalina.util.LifecycleBase.start(LifecycleBase.java:150)
	... 9 more

26-Mar-2021 10:34:57.046 INFO [main] org.apache.coyote.AbstractProtocol.pause Pausing ProtocolHandler ["http-nio-8084"]
26-Mar-2021 10:34:57.046 INFO [main] org.apache.coyote.AbstractProtocol.pause Pausing ProtocolHandler ["ajp-nio-8009"]
26-Mar-2021 10:34:57.048 INFO [main] org.apache.catalina.core.StandardService.stopInternal Stopping service [Catalina]
26-Mar-2021 10:34:57.049 INFO [main] org.apache.coyote.AbstractProtocol.destroy Destroying ProtocolHandler ["http-nio-8084"]
26-Mar-2021 10:34:57.049 INFO [main] org.apache.coyote.AbstractProtocol.destroy Destroying ProtocolHandler ["ajp-nio-8009"]
26-Mar-2021 10:35:21.500 INFO [main] org.apache.catalina.startup.VersionLoggerListener.log Server version:        Apache Tomcat/8.5.35
26-Mar-2021 10:35:21.502 INFO [main] org.apache.catalina.startup.VersionLoggerListener.log Server built:          Nov 3 2018 17:39:20 UTC
26-Mar-2021 10:35:21.502 INFO [main] org.apache.catalina.startup.VersionLoggerListener.log Server number:         8.5.35.0
26-Mar-2021 10:35:21.503 INFO [main] org.apache.catalina.startup.VersionLoggerListener.log OS Name:               Windows 10
26-Mar-2021 10:35:21.503 INFO [main] org.apache.catalina.startup.VersionLoggerListener.log OS Version:            10.0
26-Mar-2021 10:35:21.506 INFO [main] org.apache.catalina.startup.VersionLoggerListener.log Architecture:          amd64
26-Mar-2021 10:35:21.506 INFO [main] org.apache.catalina.startup.VersionLoggerListener.log Java Home:             C:\Program Files\Java\jdk1.8.0_191\jre
26-Mar-2021 10:35:21.506 INFO [main] org.apache.catalina.startup.VersionLoggerListener.log JVM Version:           1.8.0_191-b12
26-Mar-2021 10:35:21.507 INFO [main] org.apache.catalina.startup.VersionLoggerListener.log JVM Vendor:            Oracle Corporation
26-Mar-2021 10:35:21.507 INFO [main] org.apache.catalina.startup.VersionLoggerListener.log CATALINA_BASE:         D:\Ashish\Software Setups\apache-tomcat-8.5.35-windows-x64\apache-tomcat-8.5.35
26-Mar-2021 10:35:21.507 INFO [main] org.apache.catalina.startup.VersionLoggerListener.log CATALINA_HOME:         D:\Ashish\Software Setups\apache-tomcat-8.5.35-windows-x64\apache-tomcat-8.5.35
26-Mar-2021 10:35:21.507 INFO [main] org.apache.catalina.startup.VersionLoggerListener.log Command line argument: -Djava.util.logging.config.file=D:\Ashish\Software Setups\apache-tomcat-8.5.35-windows-x64\apache-tomcat-8.5.35\conf\logging.properties
26-Mar-2021 10:35:21.508 INFO [main] org.apache.catalina.startup.VersionLoggerListener.log Command line argument: -Djava.util.logging.manager=org.apache.juli.ClassLoaderLogManager
26-Mar-2021 10:35:21.508 INFO [main] org.apache.catalina.startup.VersionLoggerListener.log Command line argument: -Djdk.tls.ephemeralDHKeySize=2048
26-Mar-2021 10:35:21.509 INFO [main] org.apache.catalina.startup.VersionLoggerListener.log Command line argument: -Djava.protocol.handler.pkgs=org.apache.catalina.webresources
26-Mar-2021 10:35:21.509 INFO [main] org.apache.catalina.startup.VersionLoggerListener.log Command line argument: -Dignore.endorsed.dirs=
26-Mar-2021 10:35:21.510 INFO [main] org.apache.catalina.startup.VersionLoggerListener.log Command line argument: -Dcatalina.base=D:\Ashish\Software Setups\apache-tomcat-8.5.35-windows-x64\apache-tomcat-8.5.35
26-Mar-2021 10:35:21.510 INFO [main] org.apache.catalina.startup.VersionLoggerListener.log Command line argument: -Dcatalina.home=D:\Ashish\Software Setups\apache-tomcat-8.5.35-windows-x64\apache-tomcat-8.5.35
26-Mar-2021 10:35:21.511 INFO [main] org.apache.catalina.startup.VersionLoggerListener.log Command line argument: -Djava.io.tmpdir=D:\Ashish\Software Setups\apache-tomcat-8.5.35-windows-x64\apache-tomcat-8.5.35\temp
26-Mar-2021 10:35:21.513 INFO [main] org.apache.catalina.core.AprLifecycleListener.lifecycleEvent Loaded APR based Apache Tomcat Native library [1.2.18] using APR version [1.6.5].
26-Mar-2021 10:35:21.516 INFO [main] org.apache.catalina.core.AprLifecycleListener.lifecycleEvent APR capabilities: IPv6 [true], sendfile [true], accept filters [false], random [true].
26-Mar-2021 10:35:21.517 INFO [main] org.apache.catalina.core.AprLifecycleListener.lifecycleEvent APR/OpenSSL configuration: useAprConnector [false], useOpenSSL [true]
26-Mar-2021 10:35:21.521 INFO [main] org.apache.catalina.core.AprLifecycleListener.initializeSSL OpenSSL successfully initialized [OpenSSL 1.1.1  11 Sep 2018]
26-Mar-2021 10:35:21.745 INFO [main] org.apache.coyote.AbstractProtocol.init Initializing ProtocolHandler ["http-nio-8084"]
26-Mar-2021 10:35:21.946 INFO [main] org.apache.tomcat.util.net.NioSelectorPool.getSharedSelector Using a shared selector for servlet write/read
26-Mar-2021 10:35:21.953 INFO [main] org.apache.coyote.AbstractProtocol.init Initializing ProtocolHandler ["ajp-nio-8009"]
26-Mar-2021 10:35:21.953 INFO [main] org.apache.tomcat.util.net.NioSelectorPool.getSharedSelector Using a shared selector for servlet write/read
26-Mar-2021 10:35:21.953 INFO [main] org.apache.catalina.startup.Catalina.load Initialization processed in 782 ms
26-Mar-2021 10:35:21.969 INFO [main] org.apache.catalina.core.StandardService.startInternal Starting service [Catalina]
26-Mar-2021 10:35:21.969 INFO [main] org.apache.catalina.core.StandardEngine.startInternal Starting Servlet Engine: Apache Tomcat/8.5.35
26-Mar-2021 10:35:22.007 SEVERE [Catalina-startStop-1] org.apache.catalina.core.ContainerBase.startInternal A child container failed during start
 java.util.concurrent.ExecutionException: org.apache.catalina.LifecycleException: Failed to start component [StandardEngine[Catalina].StandardHost[localhost].StandardContext[/JSP_Demo]]
	at java.util.concurrent.FutureTask.report(FutureTask.java:122)
	at java.util.concurrent.FutureTask.get(FutureTask.java:192)
	at org.apache.catalina.core.ContainerBase.startInternal(ContainerBase.java:942)
	at org.apache.catalina.core.StandardHost.startInternal(StandardHost.java:872)
	at org.apache.catalina.util.LifecycleBase.start(LifecycleBase.java:150)
	at org.apache.catalina.core.ContainerBase$StartChild.call(ContainerBase.java:1423)
	at org.apache.catalina.core.ContainerBase$StartChild.call(ContainerBase.java:1413)
	at java.util.concurrent.FutureTask.run(FutureTask.java:266)
	at java.util.concurrent.ThreadPoolExecutor.runWorker(ThreadPoolExecutor.java:1149)
	at java.util.concurrent.ThreadPoolExecutor$Worker.run(ThreadPoolExecutor.java:624)
	at java.lang.Thread.run(Thread.java:748)
Caused by: org.apache.catalina.LifecycleException: Failed to start component [StandardEngine[Catalina].StandardHost[localhost].StandardContext[/JSP_Demo]]
	at org.apache.catalina.util.LifecycleBase.start(LifecycleBase.java:167)
	... 6 more
Caused by: org.apache.catalina.LifecycleException: Failed to start component [org.apache.catalina.webresources.StandardRoot@68976e2a]
	at org.apache.catalina.util.LifecycleBase.start(LifecycleBase.java:167)
	at org.apache.catalina.core.StandardContext.resourcesStart(StandardContext.java:4907)
	at org.apache.catalina.core.StandardContext.startInternal(StandardContext.java:5042)
	at org.apache.catalina.util.LifecycleBase.start(LifecycleBase.java:150)
	... 6 more
Caused by: java.lang.IllegalArgumentException: The main resource set specified [D:\Ashish\Setups\apache-tomcat-8.5.35-windows-x64\apache-tomcat-8.5.35\wtpwebapps\JSP_Demo] is not valid
	at org.apache.catalina.webresources.StandardRoot.createMainResourceSet(StandardRoot.java:748)
	at org.apache.catalina.webresources.StandardRoot.startInternal(StandardRoot.java:706)
	at org.apache.catalina.util.LifecycleBase.start(LifecycleBase.java:150)
	... 9 more

26-Mar-2021 10:35:22.009 SEVERE [main] org.apache.catalina.core.ContainerBase.startInternal A child container failed during start
 java.util.concurrent.ExecutionException: org.apache.catalina.LifecycleException: Failed to start component [StandardEngine[Catalina].StandardHost[localhost]]
	at java.util.concurrent.FutureTask.report(FutureTask.java:122)
	at java.util.concurrent.FutureTask.get(FutureTask.java:192)
	at org.apache.catalina.core.ContainerBase.startInternal(ContainerBase.java:942)
	at org.apache.catalina.core.StandardEngine.startInternal(StandardEngine.java:262)
	at org.apache.catalina.util.LifecycleBase.start(LifecycleBase.java:150)
	at org.apache.catalina.core.StandardService.startInternal(StandardService.java:422)
	at org.apache.catalina.util.LifecycleBase.start(LifecycleBase.java:150)
	at org.apache.catalina.core.StandardServer.startInternal(StandardServer.java:793)
	at org.apache.catalina.util.LifecycleBase.start(LifecycleBase.java:150)
	at org.apache.catalina.startup.Catalina.start(Catalina.java:687)
	at sun.reflect.NativeMethodAccessorImpl.invoke0(Native Method)
	at sun.reflect.NativeMethodAccessorImpl.invoke(NativeMethodAccessorImpl.java:62)
	at sun.reflect.DelegatingMethodAccessorImpl.invoke(DelegatingMethodAccessorImpl.java:43)
	at java.lang.reflect.Method.invoke(Method.java:498)
	at org.apache.catalina.startup.Bootstrap.start(Bootstrap.java:353)
	at org.apache.catalina.startup.Bootstrap.main(Bootstrap.java:493)
Caused by: org.apache.catalina.LifecycleException: Failed to start component [StandardEngine[Catalina].StandardHost[localhost]]
	at org.apache.catalina.util.LifecycleBase.start(LifecycleBase.java:167)
	at org.apache.catalina.core.ContainerBase$StartChild.call(ContainerBase.java:1423)
	at org.apache.catalina.core.ContainerBase$StartChild.call(ContainerBase.java:1413)
	at java.util.concurrent.FutureTask.run(FutureTask.java:266)
	at java.util.concurrent.ThreadPoolExecutor.runWorker(ThreadPoolExecutor.java:1149)
	at java.util.concurrent.ThreadPoolExecutor$Worker.run(ThreadPoolExecutor.java:624)
	at java.lang.Thread.run(Thread.java:748)
Caused by: org.apache.catalina.LifecycleException: A child container failed during start
	at org.apache.catalina.core.ContainerBase.startInternal(ContainerBase.java:953)
	at org.apache.catalina.core.StandardHost.startInternal(StandardHost.java:872)
	at org.apache.catalina.util.LifecycleBase.start(LifecycleBase.java:150)
	... 6 more
Caused by: java.util.concurrent.ExecutionException: org.apache.catalina.LifecycleException: Failed to start component [StandardEngine[Catalina].StandardHost[localhost].StandardContext[/JSP_Demo]]
	at java.util.concurrent.FutureTask.report(FutureTask.java:122)
	at java.util.concurrent.FutureTask.get(FutureTask.java:192)
	at org.apache.catalina.core.ContainerBase.startInternal(ContainerBase.java:942)
	... 8 more
Caused by: org.apache.catalina.LifecycleException: Failed to start component [StandardEngine[Catalina].StandardHost[localhost].StandardContext[/JSP_Demo]]
	at org.apache.catalina.util.LifecycleBase.start(LifecycleBase.java:167)
	... 6 more
Caused by: org.apache.catalina.LifecycleException: Failed to start component [org.apache.catalina.webresources.StandardRoot@68976e2a]
	at org.apache.catalina.util.LifecycleBase.start(LifecycleBase.java:167)
	at org.apache.catalina.core.StandardContext.resourcesStart(StandardContext.java:4907)
	at org.apache.catalina.core.StandardContext.startInternal(StandardContext.java:5042)
	at org.apache.catalina.util.LifecycleBase.start(LifecycleBase.java:150)
	... 6 more
Caused by: java.lang.IllegalArgumentException: The main resource set specified [D:\Ashish\Setups\apache-tomcat-8.5.35-windows-x64\apache-tomcat-8.5.35\wtpwebapps\JSP_Demo] is not valid
	at org.apache.catalina.webresources.StandardRoot.createMainResourceSet(StandardRoot.java:748)
	at org.apache.catalina.webresources.StandardRoot.startInternal(StandardRoot.java:706)
	at org.apache.catalina.util.LifecycleBase.start(LifecycleBase.java:150)
	... 9 more

26-Mar-2021 10:35:22.012 SEVERE [main] org.apache.catalina.startup.Catalina.start The required Server component failed to start so Tomcat is unable to start.
 org.apache.catalina.LifecycleException: Failed to start component [StandardServer[8005]]
	at org.apache.catalina.util.LifecycleBase.start(LifecycleBase.java:167)
	at org.apache.catalina.startup.Catalina.start(Catalina.java:687)
	at sun.reflect.NativeMethodAccessorImpl.invoke0(Native Method)
	at sun.reflect.NativeMethodAccessorImpl.invoke(NativeMethodAccessorImpl.java:62)
	at sun.reflect.DelegatingMethodAccessorImpl.invoke(DelegatingMethodAccessorImpl.java:43)
	at java.lang.reflect.Method.invoke(Method.java:498)
	at org.apache.catalina.startup.Bootstrap.start(Bootstrap.java:353)
	at org.apache.catalina.startup.Bootstrap.main(Bootstrap.java:493)
Caused by: org.apache.catalina.LifecycleException: Failed to start component [StandardService[Catalina]]
	at org.apache.catalina.util.LifecycleBase.start(LifecycleBase.java:167)
	at org.apache.catalina.core.StandardServer.startInternal(StandardServer.java:793)
	at org.apache.catalina.util.LifecycleBase.start(LifecycleBase.java:150)
	... 7 more
Caused by: org.apache.catalina.LifecycleException: Failed to start component [StandardEngine[Catalina]]
	at org.apache.catalina.util.LifecycleBase.start(LifecycleBase.java:167)
	at org.apache.catalina.core.StandardService.startInternal(StandardService.java:422)
	at org.apache.catalina.util.LifecycleBase.start(LifecycleBase.java:150)
	... 9 more
Caused by: org.apache.catalina.LifecycleException: A child container failed during start
	at org.apache.catalina.core.ContainerBase.startInternal(ContainerBase.java:953)
	at org.apache.catalina.core.StandardEngine.startInternal(StandardEngine.java:262)
	at org.apache.catalina.util.LifecycleBase.start(LifecycleBase.java:150)
	... 11 more
Caused by: java.util.concurrent.ExecutionException: org.apache.catalina.LifecycleException: Failed to start component [StandardEngine[Catalina].StandardHost[localhost]]
	at java.util.concurrent.FutureTask.report(FutureTask.java:122)
	at java.util.concurrent.FutureTask.get(FutureTask.java:192)
	at org.apache.catalina.core.ContainerBase.startInternal(ContainerBase.java:942)
	... 13 more
Caused by: org.apache.catalina.LifecycleException: Failed to start component [StandardEngine[Catalina].StandardHost[localhost]]
	at org.apache.catalina.util.LifecycleBase.start(LifecycleBase.java:167)
	at org.apache.catalina.core.ContainerBase$StartChild.call(ContainerBase.java:1423)
	at org.apache.catalina.core.ContainerBase$StartChild.call(ContainerBase.java:1413)
	at java.util.concurrent.FutureTask.run(FutureTask.java:266)
	at java.util.concurrent.ThreadPoolExecutor.runWorker(ThreadPoolExecutor.java:1149)
	at java.util.concurrent.ThreadPoolExecutor$Worker.run(ThreadPoolExecutor.java:624)
	at java.lang.Thread.run(Thread.java:748)
Caused by: org.apache.catalina.LifecycleException: A child container failed during start
	at org.apache.catalina.core.ContainerBase.startInternal(ContainerBase.java:953)
	at org.apache.catalina.core.StandardHost.startInternal(StandardHost.java:872)
	at org.apache.catalina.util.LifecycleBase.start(LifecycleBase.java:150)
	... 6 more
Caused by: java.util.concurrent.ExecutionException: org.apache.catalina.LifecycleException: Failed to start component [StandardEngine[Catalina].StandardHost[localhost].StandardContext[/JSP_Demo]]
	at java.util.concurrent.FutureTask.report(FutureTask.java:122)
	at java.util.concurrent.FutureTask.get(FutureTask.java:192)
	at org.apache.catalina.core.ContainerBase.startInternal(ContainerBase.java:942)
	... 8 more
Caused by: org.apache.catalina.LifecycleException: Failed to start component [StandardEngine[Catalina].StandardHost[localhost].StandardContext[/JSP_Demo]]
	at org.apache.catalina.util.LifecycleBase.start(LifecycleBase.java:167)
	... 6 more
Caused by: org.apache.catalina.LifecycleException: Failed to start component [org.apache.catalina.webresources.StandardRoot@68976e2a]
	at org.apache.catalina.util.LifecycleBase.start(LifecycleBase.java:167)
	at org.apache.catalina.core.StandardContext.resourcesStart(StandardContext.java:4907)
	at org.apache.catalina.core.StandardContext.startInternal(StandardContext.java:5042)
	at org.apache.catalina.util.LifecycleBase.start(LifecycleBase.java:150)
	... 6 more
Caused by: java.lang.IllegalArgumentException: The main resource set specified [D:\Ashish\Setups\apache-tomcat-8.5.35-windows-x64\apache-tomcat-8.5.35\wtpwebapps\JSP_Demo] is not valid
	at org.apache.catalina.webresources.StandardRoot.createMainResourceSet(StandardRoot.java:748)
	at org.apache.catalina.webresources.StandardRoot.startInternal(StandardRoot.java:706)
	at org.apache.catalina.util.LifecycleBase.start(LifecycleBase.java:150)
	... 9 more

26-Mar-2021 10:35:22.013 INFO [main] org.apache.coyote.AbstractProtocol.pause Pausing ProtocolHandler ["http-nio-8084"]
26-Mar-2021 10:35:22.014 INFO [main] org.apache.coyote.AbstractProtocol.pause Pausing ProtocolHandler ["ajp-nio-8009"]
26-Mar-2021 10:35:22.014 INFO [main] org.apache.catalina.core.StandardService.stopInternal Stopping service [Catalina]
26-Mar-2021 10:35:22.016 INFO [main] org.apache.coyote.AbstractProtocol.destroy Destroying ProtocolHandler ["http-nio-8084"]
26-Mar-2021 10:35:22.016 INFO [main] org.apache.coyote.AbstractProtocol.destroy Destroying ProtocolHandler ["ajp-nio-8009"]
