27-Aug-2019 06:49:10.825 INFO [main] org.apache.catalina.startup.VersionLoggerListener.log Server version:        Apache Tomcat/8.5.35
27-Aug-2019 06:49:10.877 INFO [main] org.apache.catalina.startup.VersionLoggerListener.log Server built:          Nov 3 2018 17:39:20 UTC
27-Aug-2019 06:49:10.881 INFO [main] org.apache.catalina.startup.VersionLoggerListener.log Server number:         8.5.35.0
27-Aug-2019 06:49:10.881 INFO [main] org.apache.catalina.startup.VersionLoggerListener.log OS Name:               Windows 10
27-Aug-2019 06:49:10.881 INFO [main] org.apache.catalina.startup.VersionLoggerListener.log OS Version:            10.0
27-Aug-2019 06:49:10.881 INFO [main] org.apache.catalina.startup.VersionLoggerListener.log Architecture:          amd64
27-Aug-2019 06:49:10.881 INFO [main] org.apache.catalina.startup.VersionLoggerListener.log Java Home:             C:\Program Files\Java\jdk1.8.0_191\jre
27-Aug-2019 06:49:10.884 INFO [main] org.apache.catalina.startup.VersionLoggerListener.log JVM Version:           1.8.0_191-b12
27-Aug-2019 06:49:10.884 INFO [main] org.apache.catalina.startup.VersionLoggerListener.log JVM Vendor:            Oracle Corporation
27-Aug-2019 06:49:10.884 INFO [main] org.apache.catalina.startup.VersionLoggerListener.log CATALINA_BASE:         D:\Ashish\softwares\apache-tomcat-8.5.35-windows-x64\apache-tomcat-8.5.35
27-Aug-2019 06:49:10.885 INFO [main] org.apache.catalina.startup.VersionLoggerListener.log CATALINA_HOME:         D:\Ashish\softwares\apache-tomcat-8.5.35-windows-x64\apache-tomcat-8.5.35
27-Aug-2019 06:49:10.885 INFO [main] org.apache.catalina.startup.VersionLoggerListener.log Command line argument: -Djava.util.logging.config.file=D:\Ashish\softwares\apache-tomcat-8.5.35-windows-x64\apache-tomcat-8.5.35\conf\logging.properties
27-Aug-2019 06:49:10.885 INFO [main] org.apache.catalina.startup.VersionLoggerListener.log Command line argument: -Djava.util.logging.manager=org.apache.juli.ClassLoaderLogManager
27-Aug-2019 06:49:10.885 INFO [main] org.apache.catalina.startup.VersionLoggerListener.log Command line argument: -Djdk.tls.ephemeralDHKeySize=2048
27-Aug-2019 06:49:10.885 INFO [main] org.apache.catalina.startup.VersionLoggerListener.log Command line argument: -Djava.protocol.handler.pkgs=org.apache.catalina.webresources
27-Aug-2019 06:49:10.885 INFO [main] org.apache.catalina.startup.VersionLoggerListener.log Command line argument: -Dignore.endorsed.dirs=
27-Aug-2019 06:49:10.886 INFO [main] org.apache.catalina.startup.VersionLoggerListener.log Command line argument: -Dcatalina.base=D:\Ashish\softwares\apache-tomcat-8.5.35-windows-x64\apache-tomcat-8.5.35
27-Aug-2019 06:49:10.886 INFO [main] org.apache.catalina.startup.VersionLoggerListener.log Command line argument: -Dcatalina.home=D:\Ashish\softwares\apache-tomcat-8.5.35-windows-x64\apache-tomcat-8.5.35
27-Aug-2019 06:49:10.887 INFO [main] org.apache.catalina.startup.VersionLoggerListener.log Command line argument: -Djava.io.tmpdir=D:\Ashish\softwares\apache-tomcat-8.5.35-windows-x64\apache-tomcat-8.5.35\temp
27-Aug-2019 06:49:10.887 INFO [main] org.apache.catalina.core.AprLifecycleListener.lifecycleEvent Loaded APR based Apache Tomcat Native library [1.2.18] using APR version [1.6.5].
27-Aug-2019 06:49:10.888 INFO [main] org.apache.catalina.core.AprLifecycleListener.lifecycleEvent APR capabilities: IPv6 [true], sendfile [true], accept filters [false], random [true].
27-Aug-2019 06:49:10.888 INFO [main] org.apache.catalina.core.AprLifecycleListener.lifecycleEvent APR/OpenSSL configuration: useAprConnector [false], useOpenSSL [true]
27-Aug-2019 06:49:10.893 INFO [main] org.apache.catalina.core.AprLifecycleListener.initializeSSL OpenSSL successfully initialized [OpenSSL 1.1.1  11 Sep 2018]
27-Aug-2019 06:49:13.221 INFO [main] org.apache.coyote.AbstractProtocol.init Initializing ProtocolHandler ["http-nio-8083"]
27-Aug-2019 06:49:13.322 INFO [main] org.apache.tomcat.util.net.NioSelectorPool.getSharedSelector Using a shared selector for servlet write/read
27-Aug-2019 06:49:13.332 INFO [main] org.apache.coyote.AbstractProtocol.init Initializing ProtocolHandler ["ajp-nio-8009"]
27-Aug-2019 06:49:13.334 INFO [main] org.apache.tomcat.util.net.NioSelectorPool.getSharedSelector Using a shared selector for servlet write/read
27-Aug-2019 06:49:13.335 INFO [main] org.apache.catalina.startup.Catalina.load Initialization processed in 2912 ms
27-Aug-2019 06:49:13.370 INFO [main] org.apache.catalina.core.StandardService.startInternal Starting service [Catalina]
27-Aug-2019 06:49:13.370 INFO [main] org.apache.catalina.core.StandardEngine.startInternal Starting Servlet Engine: Apache Tomcat/8.5.35
27-Aug-2019 06:49:17.072 INFO [localhost-startStop-1] org.apache.jasper.servlet.TldScanner.scanJars At least one JAR was scanned for TLDs yet contained no TLDs. Enable debug logging for this logger for a complete list of JARs that were scanned but no TLDs were found in them. Skipping unneeded JARs during scanning can improve startup time and JSP compilation time.
27-Aug-2019 06:49:17.119 INFO [localhost-startStop-1] org.apache.catalina.startup.HostConfig.deployWAR Deploying web application archive [D:\Ashish\softwares\apache-tomcat-8.5.35-windows-x64\apache-tomcat-8.5.35\webapps\SpringRestOrderApp-1.war]
27-Aug-2019 06:49:25.205 INFO [localhost-startStop-1] org.apache.jasper.servlet.TldScanner.scanJars At least one JAR was scanned for TLDs yet contained no TLDs. Enable debug logging for this logger for a complete list of JARs that were scanned but no TLDs were found in them. Skipping unneeded JARs during scanning can improve startup time and JSP compilation time.
27-Aug-2019 06:49:25.218 INFO [localhost-startStop-1] org.apache.catalina.startup.HostConfig.deployWAR Deployment of web application archive [D:\Ashish\softwares\apache-tomcat-8.5.35-windows-x64\apache-tomcat-8.5.35\webapps\SpringRestOrderApp-1.war] has finished in [8,099] ms
27-Aug-2019 06:49:25.219 INFO [localhost-startStop-1] org.apache.catalina.startup.HostConfig.deployDirectory Deploying web application directory [D:\Ashish\softwares\apache-tomcat-8.5.35-windows-x64\apache-tomcat-8.5.35\webapps\docs]
27-Aug-2019 06:49:26.570 INFO [localhost-startStop-1] org.apache.jasper.servlet.TldScanner.scanJars At least one JAR was scanned for TLDs yet contained no TLDs. Enable debug logging for this logger for a complete list of JARs that were scanned but no TLDs were found in them. Skipping unneeded JARs during scanning can improve startup time and JSP compilation time.
27-Aug-2019 06:49:26.571 INFO [localhost-startStop-1] org.apache.catalina.startup.HostConfig.deployDirectory Deployment of web application directory [D:\Ashish\softwares\apache-tomcat-8.5.35-windows-x64\apache-tomcat-8.5.35\webapps\docs] has finished in [1,352] ms
27-Aug-2019 06:49:26.572 INFO [localhost-startStop-1] org.apache.catalina.startup.HostConfig.deployDirectory Deploying web application directory [D:\Ashish\softwares\apache-tomcat-8.5.35-windows-x64\apache-tomcat-8.5.35\webapps\examples]
27-Aug-2019 06:49:29.681 INFO [localhost-startStop-1] org.apache.jasper.servlet.TldScanner.scanJars At least one JAR was scanned for TLDs yet contained no TLDs. Enable debug logging for this logger for a complete list of JARs that were scanned but no TLDs were found in them. Skipping unneeded JARs during scanning can improve startup time and JSP compilation time.
27-Aug-2019 06:49:29.722 INFO [localhost-startStop-1] org.apache.catalina.startup.HostConfig.deployDirectory Deployment of web application directory [D:\Ashish\softwares\apache-tomcat-8.5.35-windows-x64\apache-tomcat-8.5.35\webapps\examples] has finished in [3,151] ms
27-Aug-2019 06:49:29.722 INFO [localhost-startStop-1] org.apache.catalina.startup.HostConfig.deployDirectory Deploying web application directory [D:\Ashish\softwares\apache-tomcat-8.5.35-windows-x64\apache-tomcat-8.5.35\webapps\host-manager]
27-Aug-2019 06:49:31.020 INFO [localhost-startStop-1] org.apache.jasper.servlet.TldScanner.scanJars At least one JAR was scanned for TLDs yet contained no TLDs. Enable debug logging for this logger for a complete list of JARs that were scanned but no TLDs were found in them. Skipping unneeded JARs during scanning can improve startup time and JSP compilation time.
27-Aug-2019 06:49:31.023 INFO [localhost-startStop-1] org.apache.catalina.startup.HostConfig.deployDirectory Deployment of web application directory [D:\Ashish\softwares\apache-tomcat-8.5.35-windows-x64\apache-tomcat-8.5.35\webapps\host-manager] has finished in [1,301] ms
27-Aug-2019 06:49:31.023 INFO [localhost-startStop-1] org.apache.catalina.startup.HostConfig.deployDirectory Deploying web application directory [D:\Ashish\softwares\apache-tomcat-8.5.35-windows-x64\apache-tomcat-8.5.35\webapps\manager]
27-Aug-2019 06:49:32.651 INFO [localhost-startStop-1] org.apache.jasper.servlet.TldScanner.scanJars At least one JAR was scanned for TLDs yet contained no TLDs. Enable debug logging for this logger for a complete list of JARs that were scanned but no TLDs were found in them. Skipping unneeded JARs during scanning can improve startup time and JSP compilation time.
27-Aug-2019 06:49:32.653 INFO [localhost-startStop-1] org.apache.catalina.startup.HostConfig.deployDirectory Deployment of web application directory [D:\Ashish\softwares\apache-tomcat-8.5.35-windows-x64\apache-tomcat-8.5.35\webapps\manager] has finished in [1,630] ms
27-Aug-2019 06:49:32.653 INFO [localhost-startStop-1] org.apache.catalina.startup.HostConfig.deployDirectory Deploying web application directory [D:\Ashish\softwares\apache-tomcat-8.5.35-windows-x64\apache-tomcat-8.5.35\webapps\ROOT]
27-Aug-2019 06:49:33.922 INFO [localhost-startStop-1] org.apache.jasper.servlet.TldScanner.scanJars At least one JAR was scanned for TLDs yet contained no TLDs. Enable debug logging for this logger for a complete list of JARs that were scanned but no TLDs were found in them. Skipping unneeded JARs during scanning can improve startup time and JSP compilation time.
27-Aug-2019 06:49:33.924 INFO [localhost-startStop-1] org.apache.catalina.startup.HostConfig.deployDirectory Deployment of web application directory [D:\Ashish\softwares\apache-tomcat-8.5.35-windows-x64\apache-tomcat-8.5.35\webapps\ROOT] has finished in [1,271] ms
27-Aug-2019 06:49:33.928 INFO [main] org.apache.coyote.AbstractProtocol.start Starting ProtocolHandler ["http-nio-8083"]
27-Aug-2019 06:49:33.939 INFO [main] org.apache.coyote.AbstractProtocol.start Starting ProtocolHandler ["ajp-nio-8009"]
27-Aug-2019 06:49:33.942 INFO [main] org.apache.catalina.startup.Catalina.start Server startup in 20606 ms
