13-Dec-2018 04:02:11.231 INFO [main] org.apache.catalina.startup.VersionLoggerListener.log Server version:        Apache Tomcat/8.5.35
13-Dec-2018 04:02:11.231 INFO [main] org.apache.catalina.startup.VersionLoggerListener.log Server built:          Nov 3 2018 17:39:20 UTC
13-Dec-2018 04:02:11.231 INFO [main] org.apache.catalina.startup.VersionLoggerListener.log Server number:         8.5.35.0
13-Dec-2018 04:02:11.231 INFO [main] org.apache.catalina.startup.VersionLoggerListener.log OS Name:               Windows 10
13-Dec-2018 04:02:11.231 INFO [main] org.apache.catalina.startup.VersionLoggerListener.log OS Version:            10.0
13-Dec-2018 04:02:11.231 INFO [main] org.apache.catalina.startup.VersionLoggerListener.log Architecture:          amd64
13-Dec-2018 04:02:11.231 INFO [main] org.apache.catalina.startup.VersionLoggerListener.log Java Home:             C:\Program Files\Java\jdk1.8.0_191\jre
13-Dec-2018 04:02:11.231 INFO [main] org.apache.catalina.startup.VersionLoggerListener.log JVM Version:           1.8.0_191-b12
13-Dec-2018 04:02:11.231 INFO [main] org.apache.catalina.startup.VersionLoggerListener.log JVM Vendor:            Oracle Corporation
13-Dec-2018 04:02:11.231 INFO [main] org.apache.catalina.startup.VersionLoggerListener.log CATALINA_BASE:         D:\Ashish\softwares\apache-tomcat-8.5.35-windows-x64\apache-tomcat-8.5.35
13-Dec-2018 04:02:11.231 INFO [main] org.apache.catalina.startup.VersionLoggerListener.log CATALINA_HOME:         D:\Ashish\softwares\apache-tomcat-8.5.35-windows-x64\apache-tomcat-8.5.35
13-Dec-2018 04:02:11.231 INFO [main] org.apache.catalina.startup.VersionLoggerListener.log Command line argument: -Djava.util.logging.config.file=D:\Ashish\softwares\apache-tomcat-8.5.35-windows-x64\apache-tomcat-8.5.35\conf\logging.properties
13-Dec-2018 04:02:11.231 INFO [main] org.apache.catalina.startup.VersionLoggerListener.log Command line argument: -Djava.util.logging.manager=org.apache.juli.ClassLoaderLogManager
13-Dec-2018 04:02:11.231 INFO [main] org.apache.catalina.startup.VersionLoggerListener.log Command line argument: -Djdk.tls.ephemeralDHKeySize=2048
13-Dec-2018 04:02:11.231 INFO [main] org.apache.catalina.startup.VersionLoggerListener.log Command line argument: -Djava.protocol.handler.pkgs=org.apache.catalina.webresources
13-Dec-2018 04:02:11.231 INFO [main] org.apache.catalina.startup.VersionLoggerListener.log Command line argument: -Dignore.endorsed.dirs=
13-Dec-2018 04:02:11.231 INFO [main] org.apache.catalina.startup.VersionLoggerListener.log Command line argument: -Dcatalina.base=D:\Ashish\softwares\apache-tomcat-8.5.35-windows-x64\apache-tomcat-8.5.35
13-Dec-2018 04:02:11.231 INFO [main] org.apache.catalina.startup.VersionLoggerListener.log Command line argument: -Dcatalina.home=D:\Ashish\softwares\apache-tomcat-8.5.35-windows-x64\apache-tomcat-8.5.35
13-Dec-2018 04:02:11.231 INFO [main] org.apache.catalina.startup.VersionLoggerListener.log Command line argument: -Djava.io.tmpdir=D:\Ashish\softwares\apache-tomcat-8.5.35-windows-x64\apache-tomcat-8.5.35\temp
13-Dec-2018 04:02:11.231 INFO [main] org.apache.catalina.core.AprLifecycleListener.lifecycleEvent Loaded APR based Apache Tomcat Native library [1.2.18] using APR version [1.6.5].
13-Dec-2018 04:02:11.231 INFO [main] org.apache.catalina.core.AprLifecycleListener.lifecycleEvent APR capabilities: IPv6 [true], sendfile [true], accept filters [false], random [true].
13-Dec-2018 04:02:11.231 INFO [main] org.apache.catalina.core.AprLifecycleListener.lifecycleEvent APR/OpenSSL configuration: useAprConnector [false], useOpenSSL [true]
13-Dec-2018 04:02:11.247 INFO [main] org.apache.catalina.core.AprLifecycleListener.initializeSSL OpenSSL successfully initialized [OpenSSL 1.1.1  11 Sep 2018]
13-Dec-2018 04:02:11.336 INFO [main] org.apache.coyote.AbstractProtocol.init Initializing ProtocolHandler ["http-nio-8082"]
13-Dec-2018 04:02:11.467 INFO [main] org.apache.tomcat.util.net.NioSelectorPool.getSharedSelector Using a shared selector for servlet write/read
13-Dec-2018 04:02:11.484 INFO [main] org.apache.coyote.AbstractProtocol.init Initializing ProtocolHandler ["ajp-nio-8009"]
13-Dec-2018 04:02:11.486 INFO [main] org.apache.tomcat.util.net.NioSelectorPool.getSharedSelector Using a shared selector for servlet write/read
13-Dec-2018 04:02:11.487 INFO [main] org.apache.catalina.startup.Catalina.load Initialization processed in 535 ms
13-Dec-2018 04:02:11.503 INFO [main] org.apache.catalina.core.StandardService.startInternal Starting service [Catalina]
13-Dec-2018 04:02:11.503 INFO [main] org.apache.catalina.core.StandardEngine.startInternal Starting Servlet Engine: Apache Tomcat/8.5.35
13-Dec-2018 04:02:11.503 INFO [localhost-startStop-1] org.apache.catalina.startup.HostConfig.deployDirectory Deploying web application directory [D:\Ashish\softwares\apache-tomcat-8.5.35-windows-x64\apache-tomcat-8.5.35\webapps\docs]
13-Dec-2018 04:02:11.706 INFO [localhost-startStop-1] org.apache.catalina.startup.HostConfig.deployDirectory Deployment of web application directory [D:\Ashish\softwares\apache-tomcat-8.5.35-windows-x64\apache-tomcat-8.5.35\webapps\docs] has finished in [203] ms
13-Dec-2018 04:02:11.707 INFO [localhost-startStop-1] org.apache.catalina.startup.HostConfig.deployDirectory Deploying web application directory [D:\Ashish\softwares\apache-tomcat-8.5.35-windows-x64\apache-tomcat-8.5.35\webapps\examples]
13-Dec-2018 04:02:11.936 INFO [localhost-startStop-1] org.apache.catalina.startup.HostConfig.deployDirectory Deployment of web application directory [D:\Ashish\softwares\apache-tomcat-8.5.35-windows-x64\apache-tomcat-8.5.35\webapps\examples] has finished in [230] ms
13-Dec-2018 04:02:11.936 INFO [localhost-startStop-1] org.apache.catalina.startup.HostConfig.deployDirectory Deploying web application directory [D:\Ashish\softwares\apache-tomcat-8.5.35-windows-x64\apache-tomcat-8.5.35\webapps\host-manager]
13-Dec-2018 04:02:11.952 INFO [localhost-startStop-1] org.apache.catalina.startup.HostConfig.deployDirectory Deployment of web application directory [D:\Ashish\softwares\apache-tomcat-8.5.35-windows-x64\apache-tomcat-8.5.35\webapps\host-manager] has finished in [16] ms
13-Dec-2018 04:02:11.952 INFO [localhost-startStop-1] org.apache.catalina.startup.HostConfig.deployDirectory Deploying web application directory [D:\Ashish\softwares\apache-tomcat-8.5.35-windows-x64\apache-tomcat-8.5.35\webapps\manager]
13-Dec-2018 04:02:11.967 INFO [localhost-startStop-1] org.apache.catalina.startup.HostConfig.deployDirectory Deployment of web application directory [D:\Ashish\softwares\apache-tomcat-8.5.35-windows-x64\apache-tomcat-8.5.35\webapps\manager] has finished in [15] ms
13-Dec-2018 04:02:11.967 INFO [localhost-startStop-1] org.apache.catalina.startup.HostConfig.deployDirectory Deploying web application directory [D:\Ashish\softwares\apache-tomcat-8.5.35-windows-x64\apache-tomcat-8.5.35\webapps\ROOT]
13-Dec-2018 04:02:11.983 INFO [localhost-startStop-1] org.apache.catalina.startup.HostConfig.deployDirectory Deployment of web application directory [D:\Ashish\softwares\apache-tomcat-8.5.35-windows-x64\apache-tomcat-8.5.35\webapps\ROOT] has finished in [16] ms
13-Dec-2018 04:02:11.983 INFO [main] org.apache.coyote.AbstractProtocol.start Starting ProtocolHandler ["http-nio-8082"]
13-Dec-2018 04:02:11.999 INFO [main] org.apache.coyote.AbstractProtocol.start Starting ProtocolHandler ["ajp-nio-8009"]
13-Dec-2018 04:02:11.999 INFO [main] org.apache.catalina.startup.Catalina.start Server startup in 517 ms
13-Dec-2018 04:09:32.382 INFO [localhost-startStop-2] org.apache.catalina.startup.HostConfig.deployWAR Deploying web application archive [D:\Ashish\softwares\apache-tomcat-8.5.35-windows-x64\apache-tomcat-8.5.35\webapps\RestApp-0.0.1-SNAPSHOT.war]
13-Dec-2018 04:09:35.006 INFO [localhost-startStop-2] org.apache.jasper.servlet.TldScanner.scanJars At least one JAR was scanned for TLDs yet contained no TLDs. Enable debug logging for this logger for a complete list of JARs that were scanned but no TLDs were found in them. Skipping unneeded JARs during scanning can improve startup time and JSP compilation time.
13-Dec-2018 04:09:35.022 INFO [localhost-startStop-2] org.apache.catalina.startup.HostConfig.deployWAR Deployment of web application archive [D:\Ashish\softwares\apache-tomcat-8.5.35-windows-x64\apache-tomcat-8.5.35\webapps\RestApp-0.0.1-SNAPSHOT.war] has finished in [2,640] ms
13-Dec-2018 04:10:16.939 INFO [http-nio-8082-exec-1] org.springframework.web.servlet.FrameworkServlet.initServletBean FrameworkServlet 'springDispatcherServlet': initialization started
13-Dec-2018 04:10:16.977 INFO [http-nio-8082-exec-1] org.springframework.context.support.AbstractApplicationContext.prepareRefresh Refreshing WebApplicationContext for namespace 'springDispatcherServlet-servlet': startup date [Thu Dec 13 04:10:16 IST 2018]; root of context hierarchy
13-Dec-2018 04:10:17.097 INFO [http-nio-8082-exec-1] org.springframework.beans.factory.xml.XmlBeanDefinitionReader.loadBeanDefinitions Loading XML bean definitions from ServletContext resource [/WEB-INF/spring-bean.xml]
13-Dec-2018 04:10:17.724 INFO [http-nio-8082-exec-1] org.springframework.jdbc.datasource.DriverManagerDataSource.setDriverClassName Loaded JDBC driver: oracle.jdbc.OracleDriver
13-Dec-2018 04:10:18.003 INFO [http-nio-8082-exec-1] org.hibernate.Version.logVersion HHH000412: Hibernate Core {5.2.12.Final}
13-Dec-2018 04:10:18.005 INFO [http-nio-8082-exec-1] org.hibernate.cfg.Environment.<clinit> HHH000206: hibernate.properties not found
13-Dec-2018 04:10:18.055 INFO [http-nio-8082-exec-1] org.hibernate.annotations.common.reflection.java.JavaReflectionManager.<clinit> HCANN000001: Hibernate Commons Annotations {5.0.1.Final}
13-Dec-2018 04:10:18.790 INFO [http-nio-8082-exec-1] org.hibernate.dialect.Dialect.<init> HHH000400: Using dialect: org.hibernate.dialect.Oracle10gDialect
13-Dec-2018 04:10:19.341 INFO [http-nio-8082-exec-1] org.springframework.orm.hibernate5.HibernateTransactionManager.afterPropertiesSet Using DataSource [org.springframework.jdbc.datasource.DriverManagerDataSource@4aa37d69] of Hibernate SessionFactory for HibernateTransactionManager
13-Dec-2018 04:10:19.904 INFO [http-nio-8082-exec-1] org.springframework.web.servlet.mvc.method.annotation.RequestMappingHandlerAdapter.initControllerAdviceCache Looking for @ControllerAdvice: WebApplicationContext for namespace 'springDispatcherServlet-servlet': startup date [Thu Dec 13 04:10:16 IST 2018]; root of context hierarchy
13-Dec-2018 04:10:19.960 INFO [http-nio-8082-exec-1] org.springframework.web.servlet.mvc.method.annotation.RequestMappingHandlerAdapter.initControllerAdviceCache Looking for @ControllerAdvice: WebApplicationContext for namespace 'springDispatcherServlet-servlet': startup date [Thu Dec 13 04:10:16 IST 2018]; root of context hierarchy
13-Dec-2018 04:10:20.099 INFO [http-nio-8082-exec-1] org.springframework.web.servlet.FrameworkServlet.initServletBean FrameworkServlet 'springDispatcherServlet': initialization completed in 3159 ms
13-Dec-2018 04:10:20.114 WARNING [http-nio-8082-exec-1] org.springframework.web.servlet.DispatcherServlet.noHandlerFound No mapping found for HTTP request with URI [/RestApp-0.0.1-SNAPSHOT/] in DispatcherServlet with name 'springDispatcherServlet'
13-Dec-2018 04:10:41.716 WARNING [http-nio-8082-exec-4] org.springframework.web.servlet.DispatcherServlet.noHandlerFound No mapping found for HTTP request with URI [/RestApp-0.0.1-SNAPSHOT/api/] in DispatcherServlet with name 'springDispatcherServlet'
13-Dec-2018 04:19:05.908 INFO [ContainerBackgroundProcessor[StandardEngine[Catalina]]] org.apache.catalina.startup.HostConfig.undeploy Undeploying context [/RestApp-0.0.1-SNAPSHOT]
13-Dec-2018 04:19:05.908 INFO [ContainerBackgroundProcessor[StandardEngine[Catalina]]] org.springframework.context.support.AbstractApplicationContext.doClose Closing WebApplicationContext for namespace 'springDispatcherServlet-servlet': startup date [Thu Dec 13 04:10:16 IST 2018]; root of context hierarchy
13-Dec-2018 04:19:06.008 WARNING [ContainerBackgroundProcessor[StandardEngine[Catalina]]] org.apache.catalina.loader.WebappClassLoaderBase.clearReferencesJdbc The web application [RestApp-0.0.1-SNAPSHOT] registered the JDBC driver [oracle.jdbc.OracleDriver] but failed to unregister it when the web application was stopped. To prevent a memory leak, the JDBC Driver has been forcibly unregistered.
13-Dec-2018 04:19:06.008 SEVERE [ContainerBackgroundProcessor[StandardEngine[Catalina]]] org.apache.catalina.loader.WebappClassLoaderBase.checkThreadLocalMapForLeaks The web application [RestApp-0.0.1-SNAPSHOT] created a ThreadLocal with key of type [java.lang.ThreadLocal] (value [java.lang.ThreadLocal@2eef372d]) and a value of type [java.lang.Class] (value [class oracle.sql.AnyDataFactory]) but failed to remove it when the web application was stopped. Threads are going to be renewed over time to try and avoid a probable memory leak.
13-Dec-2018 04:19:06.008 SEVERE [ContainerBackgroundProcessor[StandardEngine[Catalina]]] org.apache.catalina.loader.WebappClassLoaderBase.checkThreadLocalMapForLeaks The web application [RestApp-0.0.1-SNAPSHOT] created a ThreadLocal with key of type [java.lang.ThreadLocal] (value [java.lang.ThreadLocal@64e44bca]) and a value of type [java.lang.Class] (value [class oracle.sql.TypeDescriptorFactory]) but failed to remove it when the web application was stopped. Threads are going to be renewed over time to try and avoid a probable memory leak.
13-Dec-2018 04:19:16.104 INFO [localhost-startStop-3] org.apache.catalina.startup.HostConfig.deployWAR Deploying web application archive [D:\Ashish\softwares\apache-tomcat-8.5.35-windows-x64\apache-tomcat-8.5.35\webapps\RestApp-0.0.1-SNAPSHOT.war]
13-Dec-2018 04:19:18.323 INFO [localhost-startStop-3] org.apache.jasper.servlet.TldScanner.scanJars At least one JAR was scanned for TLDs yet contained no TLDs. Enable debug logging for this logger for a complete list of JARs that were scanned but no TLDs were found in them. Skipping unneeded JARs during scanning can improve startup time and JSP compilation time.
13-Dec-2018 04:19:18.323 INFO [localhost-startStop-3] org.apache.catalina.startup.HostConfig.deployWAR Deployment of web application archive [D:\Ashish\softwares\apache-tomcat-8.5.35-windows-x64\apache-tomcat-8.5.35\webapps\RestApp-0.0.1-SNAPSHOT.war] has finished in [2,219] ms
13-Dec-2018 04:19:33.599 INFO [http-nio-8082-exec-4] org.springframework.web.servlet.FrameworkServlet.initServletBean FrameworkServlet 'springDispatcherServlet': initialization started
13-Dec-2018 04:19:33.619 INFO [http-nio-8082-exec-4] org.springframework.context.support.AbstractApplicationContext.prepareRefresh Refreshing WebApplicationContext for namespace 'springDispatcherServlet-servlet': startup date [Thu Dec 13 04:19:33 IST 2018]; root of context hierarchy
13-Dec-2018 04:19:33.657 INFO [http-nio-8082-exec-4] org.springframework.beans.factory.xml.XmlBeanDefinitionReader.loadBeanDefinitions Loading XML bean definitions from ServletContext resource [/WEB-INF/spring-bean.xml]
13-Dec-2018 04:19:34.147 INFO [http-nio-8082-exec-4] org.springframework.jdbc.datasource.DriverManagerDataSource.setDriverClassName Loaded JDBC driver: oracle.jdbc.OracleDriver
13-Dec-2018 04:19:34.300 INFO [http-nio-8082-exec-4] org.hibernate.Version.logVersion HHH000412: Hibernate Core {5.2.12.Final}
13-Dec-2018 04:19:34.302 INFO [http-nio-8082-exec-4] org.hibernate.cfg.Environment.<clinit> HHH000206: hibernate.properties not found
13-Dec-2018 04:19:34.353 INFO [http-nio-8082-exec-4] org.hibernate.annotations.common.reflection.java.JavaReflectionManager.<clinit> HCANN000001: Hibernate Commons Annotations {5.0.1.Final}
13-Dec-2018 04:19:34.593 INFO [http-nio-8082-exec-4] org.hibernate.dialect.Dialect.<init> HHH000400: Using dialect: org.hibernate.dialect.Oracle10gDialect
13-Dec-2018 04:19:35.070 INFO [http-nio-8082-exec-4] org.springframework.orm.hibernate5.HibernateTransactionManager.afterPropertiesSet Using DataSource [org.springframework.jdbc.datasource.DriverManagerDataSource@1dba06e] of Hibernate SessionFactory for HibernateTransactionManager
13-Dec-2018 04:19:35.268 INFO [http-nio-8082-exec-4] org.springframework.web.servlet.handler.AbstractHandlerMethodMapping$MappingRegistry.register Mapped "{[/api/account]}" onto public com.mkj.Account com.mkj.AccountRestController.getAccount()
13-Dec-2018 04:19:35.270 INFO [http-nio-8082-exec-4] org.springframework.web.servlet.handler.AbstractHandlerMethodMapping$MappingRegistry.register Mapped "{[/api/account/{accid}],produces=[application/json]}" onto public com.mkj.Account com.mkj.AccountRestController.provideAccountByID(int)
13-Dec-2018 04:19:35.552 INFO [http-nio-8082-exec-4] org.springframework.web.servlet.mvc.method.annotation.RequestMappingHandlerAdapter.initControllerAdviceCache Looking for @ControllerAdvice: WebApplicationContext for namespace 'springDispatcherServlet-servlet': startup date [Thu Dec 13 04:19:33 IST 2018]; root of context hierarchy
13-Dec-2018 04:19:35.615 INFO [http-nio-8082-exec-4] org.springframework.web.servlet.mvc.method.annotation.RequestMappingHandlerAdapter.initControllerAdviceCache Looking for @ControllerAdvice: WebApplicationContext for namespace 'springDispatcherServlet-servlet': startup date [Thu Dec 13 04:19:33 IST 2018]; root of context hierarchy
13-Dec-2018 04:19:35.742 INFO [http-nio-8082-exec-4] org.springframework.web.servlet.FrameworkServlet.initServletBean FrameworkServlet 'springDispatcherServlet': initialization completed in 2143 ms
13-Dec-2018 04:19:35.757 WARNING [http-nio-8082-exec-4] org.springframework.web.servlet.DispatcherServlet.noHandlerFound No mapping found for HTTP request with URI [/RestApp-0.0.1-SNAPSHOT/api/] in DispatcherServlet with name 'springDispatcherServlet'
13-Dec-2018 11:25:44.513 INFO [main] org.apache.catalina.startup.VersionLoggerListener.log Server version:        Apache Tomcat/8.5.35
13-Dec-2018 11:25:44.515 INFO [main] org.apache.catalina.startup.VersionLoggerListener.log Server built:          Nov 3 2018 17:39:20 UTC
13-Dec-2018 11:25:44.515 INFO [main] org.apache.catalina.startup.VersionLoggerListener.log Server number:         8.5.35.0
13-Dec-2018 11:25:44.516 INFO [main] org.apache.catalina.startup.VersionLoggerListener.log OS Name:               Windows 10
13-Dec-2018 11:25:44.516 INFO [main] org.apache.catalina.startup.VersionLoggerListener.log OS Version:            10.0
13-Dec-2018 11:25:44.516 INFO [main] org.apache.catalina.startup.VersionLoggerListener.log Architecture:          amd64
13-Dec-2018 11:25:44.516 INFO [main] org.apache.catalina.startup.VersionLoggerListener.log Java Home:             C:\Program Files\Java\jdk1.8.0_191\jre
13-Dec-2018 11:25:44.516 INFO [main] org.apache.catalina.startup.VersionLoggerListener.log JVM Version:           1.8.0_191-b12
13-Dec-2018 11:25:44.516 INFO [main] org.apache.catalina.startup.VersionLoggerListener.log JVM Vendor:            Oracle Corporation
13-Dec-2018 11:25:44.516 INFO [main] org.apache.catalina.startup.VersionLoggerListener.log CATALINA_BASE:         D:\Ashish\softwares\apache-tomcat-8.5.35-windows-x64\apache-tomcat-8.5.35
13-Dec-2018 11:25:44.517 INFO [main] org.apache.catalina.startup.VersionLoggerListener.log CATALINA_HOME:         D:\Ashish\softwares\apache-tomcat-8.5.35-windows-x64\apache-tomcat-8.5.35
13-Dec-2018 11:25:44.517 INFO [main] org.apache.catalina.startup.VersionLoggerListener.log Command line argument: -Djava.util.logging.config.file=D:\Ashish\softwares\apache-tomcat-8.5.35-windows-x64\apache-tomcat-8.5.35\conf\logging.properties
13-Dec-2018 11:25:44.517 INFO [main] org.apache.catalina.startup.VersionLoggerListener.log Command line argument: -Djava.util.logging.manager=org.apache.juli.ClassLoaderLogManager
13-Dec-2018 11:25:44.517 INFO [main] org.apache.catalina.startup.VersionLoggerListener.log Command line argument: -Djdk.tls.ephemeralDHKeySize=2048
13-Dec-2018 11:25:44.517 INFO [main] org.apache.catalina.startup.VersionLoggerListener.log Command line argument: -Djava.protocol.handler.pkgs=org.apache.catalina.webresources
13-Dec-2018 11:25:44.517 INFO [main] org.apache.catalina.startup.VersionLoggerListener.log Command line argument: -Dignore.endorsed.dirs=
13-Dec-2018 11:25:44.517 INFO [main] org.apache.catalina.startup.VersionLoggerListener.log Command line argument: -Dcatalina.base=D:\Ashish\softwares\apache-tomcat-8.5.35-windows-x64\apache-tomcat-8.5.35
13-Dec-2018 11:25:44.518 INFO [main] org.apache.catalina.startup.VersionLoggerListener.log Command line argument: -Dcatalina.home=D:\Ashish\softwares\apache-tomcat-8.5.35-windows-x64\apache-tomcat-8.5.35
13-Dec-2018 11:25:44.518 INFO [main] org.apache.catalina.startup.VersionLoggerListener.log Command line argument: -Djava.io.tmpdir=D:\Ashish\softwares\apache-tomcat-8.5.35-windows-x64\apache-tomcat-8.5.35\temp
13-Dec-2018 11:25:44.519 INFO [main] org.apache.catalina.core.AprLifecycleListener.lifecycleEvent Loaded APR based Apache Tomcat Native library [1.2.18] using APR version [1.6.5].
13-Dec-2018 11:25:44.519 INFO [main] org.apache.catalina.core.AprLifecycleListener.lifecycleEvent APR capabilities: IPv6 [true], sendfile [true], accept filters [false], random [true].
13-Dec-2018 11:25:44.519 INFO [main] org.apache.catalina.core.AprLifecycleListener.lifecycleEvent APR/OpenSSL configuration: useAprConnector [false], useOpenSSL [true]
13-Dec-2018 11:25:44.524 INFO [main] org.apache.catalina.core.AprLifecycleListener.initializeSSL OpenSSL successfully initialized [OpenSSL 1.1.1  11 Sep 2018]
13-Dec-2018 11:25:44.625 INFO [main] org.apache.coyote.AbstractProtocol.init Initializing ProtocolHandler ["http-nio-8082"]
13-Dec-2018 11:25:44.738 INFO [main] org.apache.tomcat.util.net.NioSelectorPool.getSharedSelector Using a shared selector for servlet write/read
13-Dec-2018 11:25:44.751 INFO [main] org.apache.coyote.AbstractProtocol.init Initializing ProtocolHandler ["ajp-nio-8009"]
13-Dec-2018 11:25:44.753 INFO [main] org.apache.tomcat.util.net.NioSelectorPool.getSharedSelector Using a shared selector for servlet write/read
13-Dec-2018 11:25:44.753 INFO [main] org.apache.catalina.startup.Catalina.load Initialization processed in 590 ms
13-Dec-2018 11:25:44.773 INFO [main] org.apache.catalina.core.StandardService.startInternal Starting service [Catalina]
13-Dec-2018 11:25:44.773 INFO [main] org.apache.catalina.core.StandardEngine.startInternal Starting Servlet Engine: Apache Tomcat/8.5.35
13-Dec-2018 11:25:44.792 INFO [localhost-startStop-1] org.apache.catalina.startup.HostConfig.deployWAR Deploying web application archive [D:\Ashish\softwares\apache-tomcat-8.5.35-windows-x64\apache-tomcat-8.5.35\webapps\RestApp-0.0.1-SNAPSHOT.war]
13-Dec-2018 11:25:46.298 INFO [localhost-startStop-1] org.apache.jasper.servlet.TldScanner.scanJars At least one JAR was scanned for TLDs yet contained no TLDs. Enable debug logging for this logger for a complete list of JARs that were scanned but no TLDs were found in them. Skipping unneeded JARs during scanning can improve startup time and JSP compilation time.
13-Dec-2018 11:25:46.344 INFO [localhost-startStop-1] org.apache.catalina.startup.HostConfig.deployWAR Deployment of web application archive [D:\Ashish\softwares\apache-tomcat-8.5.35-windows-x64\apache-tomcat-8.5.35\webapps\RestApp-0.0.1-SNAPSHOT.war] has finished in [1,551] ms
13-Dec-2018 11:25:46.345 INFO [localhost-startStop-1] org.apache.catalina.startup.HostConfig.deployDirectory Deploying web application directory [D:\Ashish\softwares\apache-tomcat-8.5.35-windows-x64\apache-tomcat-8.5.35\webapps\docs]
13-Dec-2018 11:25:46.361 INFO [localhost-startStop-1] org.apache.catalina.startup.HostConfig.deployDirectory Deployment of web application directory [D:\Ashish\softwares\apache-tomcat-8.5.35-windows-x64\apache-tomcat-8.5.35\webapps\docs] has finished in [16] ms
13-Dec-2018 11:25:46.362 INFO [localhost-startStop-1] org.apache.catalina.startup.HostConfig.deployDirectory Deploying web application directory [D:\Ashish\softwares\apache-tomcat-8.5.35-windows-x64\apache-tomcat-8.5.35\webapps\examples]
13-Dec-2018 11:25:46.513 INFO [localhost-startStop-1] org.apache.catalina.startup.HostConfig.deployDirectory Deployment of web application directory [D:\Ashish\softwares\apache-tomcat-8.5.35-windows-x64\apache-tomcat-8.5.35\webapps\examples] has finished in [152] ms
13-Dec-2018 11:25:46.513 INFO [localhost-startStop-1] org.apache.catalina.startup.HostConfig.deployDirectory Deploying web application directory [D:\Ashish\softwares\apache-tomcat-8.5.35-windows-x64\apache-tomcat-8.5.35\webapps\host-manager]
13-Dec-2018 11:25:46.538 INFO [localhost-startStop-1] org.apache.catalina.startup.HostConfig.deployDirectory Deployment of web application directory [D:\Ashish\softwares\apache-tomcat-8.5.35-windows-x64\apache-tomcat-8.5.35\webapps\host-manager] has finished in [25] ms
13-Dec-2018 11:25:46.538 INFO [localhost-startStop-1] org.apache.catalina.startup.HostConfig.deployDirectory Deploying web application directory [D:\Ashish\softwares\apache-tomcat-8.5.35-windows-x64\apache-tomcat-8.5.35\webapps\manager]
13-Dec-2018 11:25:46.555 INFO [localhost-startStop-1] org.apache.catalina.startup.HostConfig.deployDirectory Deployment of web application directory [D:\Ashish\softwares\apache-tomcat-8.5.35-windows-x64\apache-tomcat-8.5.35\webapps\manager] has finished in [17] ms
13-Dec-2018 11:25:46.555 INFO [localhost-startStop-1] org.apache.catalina.startup.HostConfig.deployDirectory Deploying web application directory [D:\Ashish\softwares\apache-tomcat-8.5.35-windows-x64\apache-tomcat-8.5.35\webapps\ROOT]
13-Dec-2018 11:25:46.571 INFO [localhost-startStop-1] org.apache.catalina.startup.HostConfig.deployDirectory Deployment of web application directory [D:\Ashish\softwares\apache-tomcat-8.5.35-windows-x64\apache-tomcat-8.5.35\webapps\ROOT] has finished in [16] ms
13-Dec-2018 11:25:46.575 INFO [main] org.apache.coyote.AbstractProtocol.start Starting ProtocolHandler ["http-nio-8082"]
13-Dec-2018 11:25:46.586 INFO [main] org.apache.coyote.AbstractProtocol.start Starting ProtocolHandler ["ajp-nio-8009"]
13-Dec-2018 11:25:46.587 INFO [main] org.apache.catalina.startup.Catalina.start Server startup in 1833 ms
13-Dec-2018 11:26:07.084 INFO [ContainerBackgroundProcessor[StandardEngine[Catalina]]] org.apache.catalina.startup.HostConfig.undeploy Undeploying context [/RestApp-0.0.1-SNAPSHOT]
13-Dec-2018 11:27:07.233 INFO [localhost-startStop-2] org.apache.catalina.startup.HostConfig.deployWAR Deploying web application archive [D:\Ashish\softwares\apache-tomcat-8.5.35-windows-x64\apache-tomcat-8.5.35\webapps\RestApp-0.0.1-SNAPSHOT.war]
13-Dec-2018 11:27:28.121 INFO [localhost-startStop-2] org.apache.jasper.servlet.TldScanner.scanJars At least one JAR was scanned for TLDs yet contained no TLDs. Enable debug logging for this logger for a complete list of JARs that were scanned but no TLDs were found in them. Skipping unneeded JARs during scanning can improve startup time and JSP compilation time.
13-Dec-2018 11:27:28.129 INFO [localhost-startStop-2] org.apache.catalina.startup.HostConfig.deployWAR Deployment of web application archive [D:\Ashish\softwares\apache-tomcat-8.5.35-windows-x64\apache-tomcat-8.5.35\webapps\RestApp-0.0.1-SNAPSHOT.war] has finished in [20,896] ms
13-Dec-2018 11:28:21.780 INFO [http-nio-8082-exec-8] org.springframework.web.servlet.FrameworkServlet.initServletBean FrameworkServlet 'springDispatcherServlet': initialization started
13-Dec-2018 11:28:21.836 INFO [http-nio-8082-exec-8] org.springframework.context.support.AbstractApplicationContext.prepareRefresh Refreshing WebApplicationContext for namespace 'springDispatcherServlet-servlet': startup date [Thu Dec 13 11:28:21 IST 2018]; root of context hierarchy
13-Dec-2018 11:28:21.944 INFO [http-nio-8082-exec-8] org.springframework.beans.factory.xml.XmlBeanDefinitionReader.loadBeanDefinitions Loading XML bean definitions from ServletContext resource [/WEB-INF/spring-bean.xml]
13-Dec-2018 11:28:23.051 INFO [http-nio-8082-exec-8] org.springframework.jdbc.datasource.DriverManagerDataSource.setDriverClassName Loaded JDBC driver: oracle.jdbc.OracleDriver
13-Dec-2018 11:28:23.452 INFO [http-nio-8082-exec-8] org.hibernate.Version.logVersion HHH000412: Hibernate Core {5.2.12.Final}
13-Dec-2018 11:28:23.460 INFO [http-nio-8082-exec-8] org.hibernate.cfg.Environment.<clinit> HHH000206: hibernate.properties not found
13-Dec-2018 11:28:23.565 INFO [http-nio-8082-exec-8] org.hibernate.annotations.common.reflection.java.JavaReflectionManager.<clinit> HCANN000001: Hibernate Commons Annotations {5.0.1.Final}
13-Dec-2018 11:28:24.157 INFO [http-nio-8082-exec-8] org.hibernate.dialect.Dialect.<init> HHH000400: Using dialect: org.hibernate.dialect.Oracle10gDialect
13-Dec-2018 11:28:25.129 INFO [http-nio-8082-exec-8] org.springframework.orm.hibernate5.HibernateTransactionManager.afterPropertiesSet Using DataSource [org.springframework.jdbc.datasource.DriverManagerDataSource@263a427] of Hibernate SessionFactory for HibernateTransactionManager
13-Dec-2018 11:28:25.469 INFO [http-nio-8082-exec-8] org.springframework.web.servlet.handler.AbstractHandlerMethodMapping$MappingRegistry.register Mapped "{[/simple/account/{accid}],produces=[application/json]}" onto public com.mkj.dao.Account com.mkj.dao.AccountSimpleRestController.provideAccountByID(int)
13-Dec-2018 11:28:25.473 INFO [http-nio-8082-exec-8] org.springframework.web.servlet.handler.AbstractHandlerMethodMapping$MappingRegistry.register Mapped "{[/simple/account]}" onto public com.mkj.dao.Account com.mkj.dao.AccountSimpleRestController.getAccount()
13-Dec-2018 11:28:26.094 INFO [http-nio-8082-exec-8] org.springframework.web.servlet.mvc.method.annotation.RequestMappingHandlerAdapter.initControllerAdviceCache Looking for @ControllerAdvice: WebApplicationContext for namespace 'springDispatcherServlet-servlet': startup date [Thu Dec 13 11:28:21 IST 2018]; root of context hierarchy
13-Dec-2018 11:28:26.203 INFO [http-nio-8082-exec-8] org.springframework.web.servlet.mvc.method.annotation.RequestMappingHandlerAdapter.initControllerAdviceCache Looking for @ControllerAdvice: WebApplicationContext for namespace 'springDispatcherServlet-servlet': startup date [Thu Dec 13 11:28:21 IST 2018]; root of context hierarchy
13-Dec-2018 11:28:26.486 INFO [http-nio-8082-exec-8] org.springframework.web.servlet.FrameworkServlet.initServletBean FrameworkServlet 'springDispatcherServlet': initialization completed in 4706 ms
13-Dec-2018 11:28:26.524 WARNING [http-nio-8082-exec-8] org.springframework.web.servlet.DispatcherServlet.noHandlerFound No mapping found for HTTP request with URI [/RestApp-0.0.1-SNAPSHOT/] in DispatcherServlet with name 'springDispatcherServlet'
13-Dec-2018 11:28:40.832 WARNING [http-nio-8082-exec-5] org.springframework.web.servlet.DispatcherServlet.noHandlerFound No mapping found for HTTP request with URI [/RestApp-0.0.1-SNAPSHOT/simple] in DispatcherServlet with name 'springDispatcherServlet'
13-Dec-2018 11:56:50.286 INFO [ContainerBackgroundProcessor[StandardEngine[Catalina]]] org.apache.catalina.startup.HostConfig.undeploy Undeploying context [/RestApp-0.0.1-SNAPSHOT]
13-Dec-2018 11:56:50.293 INFO [ContainerBackgroundProcessor[StandardEngine[Catalina]]] org.springframework.context.support.AbstractApplicationContext.doClose Closing WebApplicationContext for namespace 'springDispatcherServlet-servlet': startup date [Thu Dec 13 11:28:21 IST 2018]; root of context hierarchy
13-Dec-2018 11:56:50.313 WARNING [ContainerBackgroundProcessor[StandardEngine[Catalina]]] org.apache.catalina.loader.WebappClassLoaderBase.clearReferencesJdbc The web application [RestApp-0.0.1-SNAPSHOT] registered the JDBC driver [oracle.jdbc.OracleDriver] but failed to unregister it when the web application was stopped. To prevent a memory leak, the JDBC Driver has been forcibly unregistered.
13-Dec-2018 11:57:00.400 INFO [localhost-startStop-3] org.apache.catalina.startup.HostConfig.deployWAR Deploying web application archive [D:\Ashish\softwares\apache-tomcat-8.5.35-windows-x64\apache-tomcat-8.5.35\webapps\RestApp-0.0.1-SNAPSHOT.war]
13-Dec-2018 11:57:03.956 INFO [localhost-startStop-3] org.apache.jasper.servlet.TldScanner.scanJars At least one JAR was scanned for TLDs yet contained no TLDs. Enable debug logging for this logger for a complete list of JARs that were scanned but no TLDs were found in them. Skipping unneeded JARs during scanning can improve startup time and JSP compilation time.
13-Dec-2018 11:57:03.967 INFO [localhost-startStop-3] org.apache.catalina.startup.HostConfig.deployWAR Deployment of web application archive [D:\Ashish\softwares\apache-tomcat-8.5.35-windows-x64\apache-tomcat-8.5.35\webapps\RestApp-0.0.1-SNAPSHOT.war] has finished in [3,567] ms
13-Dec-2018 11:57:13.127 INFO [http-nio-8082-exec-18] org.springframework.web.servlet.FrameworkServlet.initServletBean FrameworkServlet 'springDispatcherServlet': initialization started
13-Dec-2018 11:57:13.154 INFO [http-nio-8082-exec-18] org.springframework.context.support.AbstractApplicationContext.prepareRefresh Refreshing WebApplicationContext for namespace 'springDispatcherServlet-servlet': startup date [Thu Dec 13 11:57:13 IST 2018]; root of context hierarchy
13-Dec-2018 11:57:13.198 INFO [http-nio-8082-exec-18] org.springframework.beans.factory.xml.XmlBeanDefinitionReader.loadBeanDefinitions Loading XML bean definitions from ServletContext resource [/WEB-INF/spring-bean.xml]
13-Dec-2018 11:57:13.716 INFO [http-nio-8082-exec-18] org.springframework.jdbc.datasource.DriverManagerDataSource.setDriverClassName Loaded JDBC driver: oracle.jdbc.OracleDriver
13-Dec-2018 11:57:14.008 INFO [http-nio-8082-exec-18] org.hibernate.Version.logVersion HHH000412: Hibernate Core {5.2.12.Final}
13-Dec-2018 11:57:14.013 INFO [http-nio-8082-exec-18] org.hibernate.cfg.Environment.<clinit> HHH000206: hibernate.properties not found
13-Dec-2018 11:57:14.071 INFO [http-nio-8082-exec-18] org.hibernate.annotations.common.reflection.java.JavaReflectionManager.<clinit> HCANN000001: Hibernate Commons Annotations {5.0.1.Final}
13-Dec-2018 11:57:14.605 INFO [http-nio-8082-exec-18] org.hibernate.dialect.Dialect.<init> HHH000400: Using dialect: org.hibernate.dialect.Oracle10gDialect
13-Dec-2018 11:57:15.310 INFO [http-nio-8082-exec-18] org.springframework.orm.hibernate5.HibernateTransactionManager.afterPropertiesSet Using DataSource [org.springframework.jdbc.datasource.DriverManagerDataSource@23a0b86] of Hibernate SessionFactory for HibernateTransactionManager
13-Dec-2018 11:57:15.634 INFO [http-nio-8082-exec-18] org.springframework.web.servlet.handler.AbstractHandlerMethodMapping$MappingRegistry.register Mapped "{[/simple/account/{accid}],produces=[application/json]}" onto public com.mkj.dao.Account com.mkj.dao.AccountSimpleRestController.provideAccountByID(int)
13-Dec-2018 11:57:15.636 INFO [http-nio-8082-exec-18] org.springframework.web.servlet.handler.AbstractHandlerMethodMapping$MappingRegistry.register Mapped "{[/simple/account]}" onto public com.mkj.dao.Account com.mkj.dao.AccountSimpleRestController.getAccount()
13-Dec-2018 11:57:15.964 INFO [http-nio-8082-exec-18] org.springframework.web.servlet.mvc.method.annotation.RequestMappingHandlerAdapter.initControllerAdviceCache Looking for @ControllerAdvice: WebApplicationContext for namespace 'springDispatcherServlet-servlet': startup date [Thu Dec 13 11:57:13 IST 2018]; root of context hierarchy
13-Dec-2018 11:57:16.036 INFO [http-nio-8082-exec-18] org.springframework.web.servlet.mvc.method.annotation.RequestMappingHandlerAdapter.initControllerAdviceCache Looking for @ControllerAdvice: WebApplicationContext for namespace 'springDispatcherServlet-servlet': startup date [Thu Dec 13 11:57:13 IST 2018]; root of context hierarchy
13-Dec-2018 11:57:16.067 INFO [http-nio-8082-exec-18] org.springframework.web.servlet.mvc.method.annotation.ExceptionHandlerExceptionResolver.initExceptionHandlerAdviceCache Detected @ExceptionHandler methods in accountGlobalExceptionHandler
13-Dec-2018 11:57:16.191 INFO [http-nio-8082-exec-18] org.springframework.web.servlet.FrameworkServlet.initServletBean FrameworkServlet 'springDispatcherServlet': initialization completed in 3064 ms
