10-Sep-2019 12:03:25.454 INFO [main] org.apache.catalina.startup.VersionLoggerListener.log Server version:        Apache Tomcat/8.5.35
10-Sep-2019 12:03:25.631 INFO [main] org.apache.catalina.startup.VersionLoggerListener.log Server built:          Nov 3 2018 17:39:20 UTC
10-Sep-2019 12:03:25.642 INFO [main] org.apache.catalina.startup.VersionLoggerListener.log Server number:         8.5.35.0
10-Sep-2019 12:03:25.643 INFO [main] org.apache.catalina.startup.VersionLoggerListener.log OS Name:               Windows 10
10-Sep-2019 12:03:25.644 INFO [main] org.apache.catalina.startup.VersionLoggerListener.log OS Version:            10.0
10-Sep-2019 12:03:25.644 INFO [main] org.apache.catalina.startup.VersionLoggerListener.log Architecture:          amd64
10-Sep-2019 12:03:25.645 INFO [main] org.apache.catalina.startup.VersionLoggerListener.log Java Home:             C:\Program Files\Java\jdk1.8.0_191\jre
10-Sep-2019 12:03:25.657 INFO [main] org.apache.catalina.startup.VersionLoggerListener.log JVM Version:           1.8.0_191-b12
10-Sep-2019 12:03:25.659 INFO [main] org.apache.catalina.startup.VersionLoggerListener.log JVM Vendor:            Oracle Corporation
10-Sep-2019 12:03:25.659 INFO [main] org.apache.catalina.startup.VersionLoggerListener.log CATALINA_BASE:         D:\Ashish\softwares\apache-tomcat-8.5.35-windows-x64\apache-tomcat-8.5.35
10-Sep-2019 12:03:25.660 INFO [main] org.apache.catalina.startup.VersionLoggerListener.log CATALINA_HOME:         D:\Ashish\softwares\apache-tomcat-8.5.35-windows-x64\apache-tomcat-8.5.35
10-Sep-2019 12:03:25.661 INFO [main] org.apache.catalina.startup.VersionLoggerListener.log Command line argument: -Djava.util.logging.config.file=D:\Ashish\softwares\apache-tomcat-8.5.35-windows-x64\apache-tomcat-8.5.35\conf\logging.properties
10-Sep-2019 12:03:25.662 INFO [main] org.apache.catalina.startup.VersionLoggerListener.log Command line argument: -Djava.util.logging.manager=org.apache.juli.ClassLoaderLogManager
10-Sep-2019 12:03:25.662 INFO [main] org.apache.catalina.startup.VersionLoggerListener.log Command line argument: -Djdk.tls.ephemeralDHKeySize=2048
10-Sep-2019 12:03:25.663 INFO [main] org.apache.catalina.startup.VersionLoggerListener.log Command line argument: -Djava.protocol.handler.pkgs=org.apache.catalina.webresources
10-Sep-2019 12:03:25.663 INFO [main] org.apache.catalina.startup.VersionLoggerListener.log Command line argument: -Dignore.endorsed.dirs=
10-Sep-2019 12:03:25.664 INFO [main] org.apache.catalina.startup.VersionLoggerListener.log Command line argument: -Dcatalina.base=D:\Ashish\softwares\apache-tomcat-8.5.35-windows-x64\apache-tomcat-8.5.35
10-Sep-2019 12:03:25.666 INFO [main] org.apache.catalina.startup.VersionLoggerListener.log Command line argument: -Dcatalina.home=D:\Ashish\softwares\apache-tomcat-8.5.35-windows-x64\apache-tomcat-8.5.35
10-Sep-2019 12:03:25.674 INFO [main] org.apache.catalina.startup.VersionLoggerListener.log Command line argument: -Djava.io.tmpdir=D:\Ashish\softwares\apache-tomcat-8.5.35-windows-x64\apache-tomcat-8.5.35\temp
10-Sep-2019 12:03:25.675 INFO [main] org.apache.catalina.core.AprLifecycleListener.lifecycleEvent Loaded APR based Apache Tomcat Native library [1.2.18] using APR version [1.6.5].
10-Sep-2019 12:03:25.676 INFO [main] org.apache.catalina.core.AprLifecycleListener.lifecycleEvent APR capabilities: IPv6 [true], sendfile [true], accept filters [false], random [true].
10-Sep-2019 12:03:25.677 INFO [main] org.apache.catalina.core.AprLifecycleListener.lifecycleEvent APR/OpenSSL configuration: useAprConnector [false], useOpenSSL [true]
10-Sep-2019 12:03:25.685 INFO [main] org.apache.catalina.core.AprLifecycleListener.initializeSSL OpenSSL successfully initialized [OpenSSL 1.1.1  11 Sep 2018]
10-Sep-2019 12:03:28.230 INFO [main] org.apache.coyote.AbstractProtocol.init Initializing ProtocolHandler ["http-nio-8083"]
10-Sep-2019 12:03:28.517 INFO [main] org.apache.tomcat.util.net.NioSelectorPool.getSharedSelector Using a shared selector for servlet write/read
10-Sep-2019 12:03:28.549 INFO [main] org.apache.coyote.AbstractProtocol.init Initializing ProtocolHandler ["ajp-nio-8009"]
10-Sep-2019 12:03:28.553 INFO [main] org.apache.tomcat.util.net.NioSelectorPool.getSharedSelector Using a shared selector for servlet write/read
10-Sep-2019 12:03:28.554 INFO [main] org.apache.catalina.startup.Catalina.load Initialization processed in 5120 ms
10-Sep-2019 12:03:28.638 INFO [main] org.apache.catalina.core.StandardService.startInternal Starting service [Catalina]
10-Sep-2019 12:03:28.638 INFO [main] org.apache.catalina.core.StandardEngine.startInternal Starting Servlet Engine: Apache Tomcat/8.5.35
10-Sep-2019 12:03:32.872 INFO [localhost-startStop-1] org.apache.jasper.servlet.TldScanner.scanJars At least one JAR was scanned for TLDs yet contained no TLDs. Enable debug logging for this logger for a complete list of JARs that were scanned but no TLDs were found in them. Skipping unneeded JARs during scanning can improve startup time and JSP compilation time.
10-Sep-2019 12:03:33.059 INFO [localhost-startStop-1] org.apache.catalina.startup.HostConfig.deployWAR Deploying web application archive [D:\Ashish\softwares\apache-tomcat-8.5.35-windows-x64\apache-tomcat-8.5.35\webapps\SpringRestOrderApp-1.war]
10-Sep-2019 12:03:40.838 INFO [localhost-startStop-1] org.apache.jasper.servlet.TldScanner.scanJars At least one JAR was scanned for TLDs yet contained no TLDs. Enable debug logging for this logger for a complete list of JARs that were scanned but no TLDs were found in them. Skipping unneeded JARs during scanning can improve startup time and JSP compilation time.
10-Sep-2019 12:03:40.859 INFO [localhost-startStop-1] org.apache.catalina.startup.HostConfig.deployWAR Deployment of web application archive [D:\Ashish\softwares\apache-tomcat-8.5.35-windows-x64\apache-tomcat-8.5.35\webapps\SpringRestOrderApp-1.war] has finished in [7,795] ms
10-Sep-2019 12:03:40.860 INFO [localhost-startStop-1] org.apache.catalina.startup.HostConfig.deployDirectory Deploying web application directory [D:\Ashish\softwares\apache-tomcat-8.5.35-windows-x64\apache-tomcat-8.5.35\webapps\docs]
10-Sep-2019 12:03:42.294 INFO [localhost-startStop-1] org.apache.jasper.servlet.TldScanner.scanJars At least one JAR was scanned for TLDs yet contained no TLDs. Enable debug logging for this logger for a complete list of JARs that were scanned but no TLDs were found in them. Skipping unneeded JARs during scanning can improve startup time and JSP compilation time.
10-Sep-2019 12:03:42.296 INFO [localhost-startStop-1] org.apache.catalina.startup.HostConfig.deployDirectory Deployment of web application directory [D:\Ashish\softwares\apache-tomcat-8.5.35-windows-x64\apache-tomcat-8.5.35\webapps\docs] has finished in [1,436] ms
10-Sep-2019 12:03:42.296 INFO [localhost-startStop-1] org.apache.catalina.startup.HostConfig.deployDirectory Deploying web application directory [D:\Ashish\softwares\apache-tomcat-8.5.35-windows-x64\apache-tomcat-8.5.35\webapps\examples]
10-Sep-2019 12:03:45.944 INFO [localhost-startStop-1] org.apache.jasper.servlet.TldScanner.scanJars At least one JAR was scanned for TLDs yet contained no TLDs. Enable debug logging for this logger for a complete list of JARs that were scanned but no TLDs were found in them. Skipping unneeded JARs during scanning can improve startup time and JSP compilation time.
10-Sep-2019 12:03:46.012 INFO [localhost-startStop-1] org.apache.catalina.startup.HostConfig.deployDirectory Deployment of web application directory [D:\Ashish\softwares\apache-tomcat-8.5.35-windows-x64\apache-tomcat-8.5.35\webapps\examples] has finished in [3,716] ms
10-Sep-2019 12:03:46.012 INFO [localhost-startStop-1] org.apache.catalina.startup.HostConfig.deployDirectory Deploying web application directory [D:\Ashish\softwares\apache-tomcat-8.5.35-windows-x64\apache-tomcat-8.5.35\webapps\host-manager]
10-Sep-2019 12:03:47.716 INFO [localhost-startStop-1] org.apache.jasper.servlet.TldScanner.scanJars At least one JAR was scanned for TLDs yet contained no TLDs. Enable debug logging for this logger for a complete list of JARs that were scanned but no TLDs were found in them. Skipping unneeded JARs during scanning can improve startup time and JSP compilation time.
10-Sep-2019 12:03:47.718 INFO [localhost-startStop-1] org.apache.catalina.startup.HostConfig.deployDirectory Deployment of web application directory [D:\Ashish\softwares\apache-tomcat-8.5.35-windows-x64\apache-tomcat-8.5.35\webapps\host-manager] has finished in [1,706] ms
10-Sep-2019 12:03:47.719 INFO [localhost-startStop-1] org.apache.catalina.startup.HostConfig.deployDirectory Deploying web application directory [D:\Ashish\softwares\apache-tomcat-8.5.35-windows-x64\apache-tomcat-8.5.35\webapps\manager]
10-Sep-2019 12:03:50.148 INFO [localhost-startStop-1] org.apache.jasper.servlet.TldScanner.scanJars At least one JAR was scanned for TLDs yet contained no TLDs. Enable debug logging for this logger for a complete list of JARs that were scanned but no TLDs were found in them. Skipping unneeded JARs during scanning can improve startup time and JSP compilation time.
10-Sep-2019 12:03:50.150 INFO [localhost-startStop-1] org.apache.catalina.startup.HostConfig.deployDirectory Deployment of web application directory [D:\Ashish\softwares\apache-tomcat-8.5.35-windows-x64\apache-tomcat-8.5.35\webapps\manager] has finished in [2,432] ms
10-Sep-2019 12:03:50.151 INFO [localhost-startStop-1] org.apache.catalina.startup.HostConfig.deployDirectory Deploying web application directory [D:\Ashish\softwares\apache-tomcat-8.5.35-windows-x64\apache-tomcat-8.5.35\webapps\ROOT]
10-Sep-2019 12:03:51.486 INFO [localhost-startStop-1] org.apache.jasper.servlet.TldScanner.scanJars At least one JAR was scanned for TLDs yet contained no TLDs. Enable debug logging for this logger for a complete list of JARs that were scanned but no TLDs were found in them. Skipping unneeded JARs during scanning can improve startup time and JSP compilation time.
10-Sep-2019 12:03:51.489 INFO [localhost-startStop-1] org.apache.catalina.startup.HostConfig.deployDirectory Deployment of web application directory [D:\Ashish\softwares\apache-tomcat-8.5.35-windows-x64\apache-tomcat-8.5.35\webapps\ROOT] has finished in [1,339] ms
10-Sep-2019 12:03:51.496 INFO [main] org.apache.coyote.AbstractProtocol.start Starting ProtocolHandler ["http-nio-8083"]
10-Sep-2019 12:03:51.510 INFO [main] org.apache.coyote.AbstractProtocol.start Starting ProtocolHandler ["ajp-nio-8009"]
10-Sep-2019 12:03:51.513 INFO [main] org.apache.catalina.startup.Catalina.start Server startup in 22958 ms
10-Sep-2019 12:04:01.595 INFO [localhost-startStop-2] org.apache.catalina.startup.HostConfig.deployWAR Deploying web application archive [D:\Ashish\softwares\apache-tomcat-8.5.35-windows-x64\apache-tomcat-8.5.35\webapps\App-1.war]
10-Sep-2019 12:04:03.002 INFO [localhost-startStop-2] org.apache.jasper.servlet.TldScanner.scanJars At least one JAR was scanned for TLDs yet contained no TLDs. Enable debug logging for this logger for a complete list of JARs that were scanned but no TLDs were found in them. Skipping unneeded JARs during scanning can improve startup time and JSP compilation time.
10-Sep-2019 12:04:03.007 INFO [localhost-startStop-2] org.apache.catalina.startup.HostConfig.deployWAR Deployment of web application archive [D:\Ashish\softwares\apache-tomcat-8.5.35-windows-x64\apache-tomcat-8.5.35\webapps\App-1.war] has finished in [1,411] ms
10-Sep-2019 12:05:30.650 SEVERE [main] org.apache.catalina.startup.Catalina.stopServer Could not contact [localhost:[8005]]. Tomcat may not be running.
10-Sep-2019 12:05:30.658 SEVERE [main] org.apache.catalina.startup.Catalina.stopServer Catalina.stop: 
 java.net.ConnectException: Connection refused: connect
	at java.net.DualStackPlainSocketImpl.connect0(Native Method)
	at java.net.DualStackPlainSocketImpl.socketConnect(DualStackPlainSocketImpl.java:79)
	at java.net.AbstractPlainSocketImpl.doConnect(AbstractPlainSocketImpl.java:350)
	at java.net.AbstractPlainSocketImpl.connectToAddress(AbstractPlainSocketImpl.java:206)
	at java.net.AbstractPlainSocketImpl.connect(AbstractPlainSocketImpl.java:188)
	at java.net.PlainSocketImpl.connect(PlainSocketImpl.java:172)
	at java.net.SocksSocketImpl.connect(SocksSocketImpl.java:392)
	at java.net.Socket.connect(Socket.java:589)
	at java.net.Socket.connect(Socket.java:538)
	at java.net.Socket.<init>(Socket.java:434)
	at java.net.Socket.<init>(Socket.java:211)
	at org.apache.catalina.startup.Catalina.stopServer(Catalina.java:503)
	at sun.reflect.NativeMethodAccessorImpl.invoke0(Native Method)
	at sun.reflect.NativeMethodAccessorImpl.invoke(NativeMethodAccessorImpl.java:62)
	at sun.reflect.DelegatingMethodAccessorImpl.invoke(DelegatingMethodAccessorImpl.java:43)
	at java.lang.reflect.Method.invoke(Method.java:498)
	at org.apache.catalina.startup.Bootstrap.stopServer(Bootstrap.java:406)
	at org.apache.catalina.startup.Bootstrap.main(Bootstrap.java:498)

