02-Mar-2019 14:14:28.828 INFO [main] org.apache.catalina.startup.VersionLoggerListener.log Server version:        Apache Tomcat/8.5.35
02-Mar-2019 14:14:28.933 INFO [main] org.apache.catalina.startup.VersionLoggerListener.log Server built:          Nov 3 2018 17:39:20 UTC
02-Mar-2019 14:14:28.934 INFO [main] org.apache.catalina.startup.VersionLoggerListener.log Server number:         8.5.35.0
02-Mar-2019 14:14:28.935 INFO [main] org.apache.catalina.startup.VersionLoggerListener.log OS Name:               Windows 10
02-Mar-2019 14:14:28.935 INFO [main] org.apache.catalina.startup.VersionLoggerListener.log OS Version:            10.0
02-Mar-2019 14:14:28.936 INFO [main] org.apache.catalina.startup.VersionLoggerListener.log Architecture:          amd64
02-Mar-2019 14:14:28.937 INFO [main] org.apache.catalina.startup.VersionLoggerListener.log Java Home:             C:\Program Files\Java\jdk1.8.0_191\jre
02-Mar-2019 14:14:28.937 INFO [main] org.apache.catalina.startup.VersionLoggerListener.log JVM Version:           1.8.0_191-b12
02-Mar-2019 14:14:28.938 INFO [main] org.apache.catalina.startup.VersionLoggerListener.log JVM Vendor:            Oracle Corporation
02-Mar-2019 14:14:28.939 INFO [main] org.apache.catalina.startup.VersionLoggerListener.log CATALINA_BASE:         D:\Ashish\softwares\apache-tomcat-8.5.35-windows-x64\apache-tomcat-8.5.35
02-Mar-2019 14:14:28.939 INFO [main] org.apache.catalina.startup.VersionLoggerListener.log CATALINA_HOME:         D:\Ashish\softwares\apache-tomcat-8.5.35-windows-x64\apache-tomcat-8.5.35
02-Mar-2019 14:14:28.940 INFO [main] org.apache.catalina.startup.VersionLoggerListener.log Command line argument: -Djava.util.logging.config.file=D:\Ashish\softwares\apache-tomcat-8.5.35-windows-x64\apache-tomcat-8.5.35\conf\logging.properties
02-Mar-2019 14:14:28.941 INFO [main] org.apache.catalina.startup.VersionLoggerListener.log Command line argument: -Djava.util.logging.manager=org.apache.juli.ClassLoaderLogManager
02-Mar-2019 14:14:28.942 INFO [main] org.apache.catalina.startup.VersionLoggerListener.log Command line argument: -Djdk.tls.ephemeralDHKeySize=2048
02-Mar-2019 14:14:28.942 INFO [main] org.apache.catalina.startup.VersionLoggerListener.log Command line argument: -Djava.protocol.handler.pkgs=org.apache.catalina.webresources
02-Mar-2019 14:14:28.942 INFO [main] org.apache.catalina.startup.VersionLoggerListener.log Command line argument: -Dignore.endorsed.dirs=
02-Mar-2019 14:14:28.943 INFO [main] org.apache.catalina.startup.VersionLoggerListener.log Command line argument: -Dcatalina.base=D:\Ashish\softwares\apache-tomcat-8.5.35-windows-x64\apache-tomcat-8.5.35
02-Mar-2019 14:14:28.945 INFO [main] org.apache.catalina.startup.VersionLoggerListener.log Command line argument: -Dcatalina.home=D:\Ashish\softwares\apache-tomcat-8.5.35-windows-x64\apache-tomcat-8.5.35
02-Mar-2019 14:14:28.960 INFO [main] org.apache.catalina.startup.VersionLoggerListener.log Command line argument: -Djava.io.tmpdir=D:\Ashish\softwares\apache-tomcat-8.5.35-windows-x64\apache-tomcat-8.5.35\temp
02-Mar-2019 14:14:28.961 INFO [main] org.apache.catalina.core.AprLifecycleListener.lifecycleEvent Loaded APR based Apache Tomcat Native library [1.2.18] using APR version [1.6.5].
02-Mar-2019 14:14:28.962 INFO [main] org.apache.catalina.core.AprLifecycleListener.lifecycleEvent APR capabilities: IPv6 [true], sendfile [true], accept filters [false], random [true].
02-Mar-2019 14:14:28.964 INFO [main] org.apache.catalina.core.AprLifecycleListener.lifecycleEvent APR/OpenSSL configuration: useAprConnector [false], useOpenSSL [true]
02-Mar-2019 14:14:28.981 INFO [main] org.apache.catalina.core.AprLifecycleListener.initializeSSL OpenSSL successfully initialized [OpenSSL 1.1.1  11 Sep 2018]
02-Mar-2019 14:14:31.212 INFO [main] org.apache.coyote.AbstractProtocol.init Initializing ProtocolHandler ["http-nio-8082"]
02-Mar-2019 14:14:31.595 INFO [main] org.apache.tomcat.util.net.NioSelectorPool.getSharedSelector Using a shared selector for servlet write/read
02-Mar-2019 14:14:31.639 INFO [main] org.apache.coyote.AbstractProtocol.init Initializing ProtocolHandler ["ajp-nio-8009"]
02-Mar-2019 14:14:31.643 INFO [main] org.apache.tomcat.util.net.NioSelectorPool.getSharedSelector Using a shared selector for servlet write/read
02-Mar-2019 14:14:31.644 INFO [main] org.apache.catalina.startup.Catalina.load Initialization processed in 6656 ms
02-Mar-2019 14:14:31.737 INFO [main] org.apache.catalina.core.StandardService.startInternal Starting service [Catalina]
02-Mar-2019 14:14:31.740 INFO [main] org.apache.catalina.core.StandardEngine.startInternal Starting Servlet Engine: Apache Tomcat/8.5.35
02-Mar-2019 14:14:31.793 INFO [localhost-startStop-1] org.apache.catalina.startup.HostConfig.deployWAR Deploying web application archive [D:\Ashish\softwares\apache-tomcat-8.5.35-windows-x64\apache-tomcat-8.5.35\webapps\DoctorsSalesAnalysisTool.war]
02-Mar-2019 14:14:35.708 INFO [localhost-startStop-1] org.apache.jasper.servlet.TldScanner.scanJars At least one JAR was scanned for TLDs yet contained no TLDs. Enable debug logging for this logger for a complete list of JARs that were scanned but no TLDs were found in them. Skipping unneeded JARs during scanning can improve startup time and JSP compilation time.
02-Mar-2019 14:14:35.820 INFO [localhost-startStop-1] org.apache.catalina.startup.HostConfig.deployWAR Deployment of web application archive [D:\Ashish\softwares\apache-tomcat-8.5.35-windows-x64\apache-tomcat-8.5.35\webapps\DoctorsSalesAnalysisTool.war] has finished in [4,021] ms
02-Mar-2019 14:14:35.879 INFO [localhost-startStop-1] org.apache.catalina.startup.HostConfig.deployWAR Deploying web application archive [D:\Ashish\softwares\apache-tomcat-8.5.35-windows-x64\apache-tomcat-8.5.35\webapps\RestApp-0.0.1-SNAPSHOT.war]
02-Mar-2019 14:14:42.435 INFO [localhost-startStop-1] org.apache.jasper.servlet.TldScanner.scanJars At least one JAR was scanned for TLDs yet contained no TLDs. Enable debug logging for this logger for a complete list of JARs that were scanned but no TLDs were found in them. Skipping unneeded JARs during scanning can improve startup time and JSP compilation time.
02-Mar-2019 14:14:42.456 INFO [localhost-startStop-1] org.apache.catalina.startup.HostConfig.deployWAR Deployment of web application archive [D:\Ashish\softwares\apache-tomcat-8.5.35-windows-x64\apache-tomcat-8.5.35\webapps\RestApp-0.0.1-SNAPSHOT.war] has finished in [6,577] ms
02-Mar-2019 14:14:42.459 INFO [localhost-startStop-1] org.apache.catalina.startup.HostConfig.deployDirectory Deploying web application directory [D:\Ashish\softwares\apache-tomcat-8.5.35-windows-x64\apache-tomcat-8.5.35\webapps\docs]
02-Mar-2019 14:14:43.727 INFO [localhost-startStop-1] org.apache.jasper.servlet.TldScanner.scanJars At least one JAR was scanned for TLDs yet contained no TLDs. Enable debug logging for this logger for a complete list of JARs that were scanned but no TLDs were found in them. Skipping unneeded JARs during scanning can improve startup time and JSP compilation time.
02-Mar-2019 14:14:43.729 INFO [localhost-startStop-1] org.apache.catalina.startup.HostConfig.deployDirectory Deployment of web application directory [D:\Ashish\softwares\apache-tomcat-8.5.35-windows-x64\apache-tomcat-8.5.35\webapps\docs] has finished in [1,270] ms
02-Mar-2019 14:14:43.729 INFO [localhost-startStop-1] org.apache.catalina.startup.HostConfig.deployDirectory Deploying web application directory [D:\Ashish\softwares\apache-tomcat-8.5.35-windows-x64\apache-tomcat-8.5.35\webapps\examples]
02-Mar-2019 14:14:47.140 INFO [localhost-startStop-1] org.apache.jasper.servlet.TldScanner.scanJars At least one JAR was scanned for TLDs yet contained no TLDs. Enable debug logging for this logger for a complete list of JARs that were scanned but no TLDs were found in them. Skipping unneeded JARs during scanning can improve startup time and JSP compilation time.
02-Mar-2019 14:14:47.184 INFO [localhost-startStop-1] org.apache.catalina.startup.HostConfig.deployDirectory Deployment of web application directory [D:\Ashish\softwares\apache-tomcat-8.5.35-windows-x64\apache-tomcat-8.5.35\webapps\examples] has finished in [3,455] ms
02-Mar-2019 14:14:47.185 INFO [localhost-startStop-1] org.apache.catalina.startup.HostConfig.deployDirectory Deploying web application directory [D:\Ashish\softwares\apache-tomcat-8.5.35-windows-x64\apache-tomcat-8.5.35\webapps\host-manager]
02-Mar-2019 14:14:48.461 INFO [localhost-startStop-1] org.apache.jasper.servlet.TldScanner.scanJars At least one JAR was scanned for TLDs yet contained no TLDs. Enable debug logging for this logger for a complete list of JARs that were scanned but no TLDs were found in them. Skipping unneeded JARs during scanning can improve startup time and JSP compilation time.
02-Mar-2019 14:14:48.464 INFO [localhost-startStop-1] org.apache.catalina.startup.HostConfig.deployDirectory Deployment of web application directory [D:\Ashish\softwares\apache-tomcat-8.5.35-windows-x64\apache-tomcat-8.5.35\webapps\host-manager] has finished in [1,279] ms
02-Mar-2019 14:14:48.465 INFO [localhost-startStop-1] org.apache.catalina.startup.HostConfig.deployDirectory Deploying web application directory [D:\Ashish\softwares\apache-tomcat-8.5.35-windows-x64\apache-tomcat-8.5.35\webapps\manager]
02-Mar-2019 14:14:49.705 INFO [localhost-startStop-1] org.apache.jasper.servlet.TldScanner.scanJars At least one JAR was scanned for TLDs yet contained no TLDs. Enable debug logging for this logger for a complete list of JARs that were scanned but no TLDs were found in them. Skipping unneeded JARs during scanning can improve startup time and JSP compilation time.
02-Mar-2019 14:14:49.718 INFO [localhost-startStop-1] org.apache.catalina.startup.HostConfig.deployDirectory Deployment of web application directory [D:\Ashish\softwares\apache-tomcat-8.5.35-windows-x64\apache-tomcat-8.5.35\webapps\manager] has finished in [1,253] ms
02-Mar-2019 14:14:49.718 INFO [localhost-startStop-1] org.apache.catalina.startup.HostConfig.deployDirectory Deploying web application directory [D:\Ashish\softwares\apache-tomcat-8.5.35-windows-x64\apache-tomcat-8.5.35\webapps\ROOT]
02-Mar-2019 14:14:51.007 INFO [localhost-startStop-1] org.apache.jasper.servlet.TldScanner.scanJars At least one JAR was scanned for TLDs yet contained no TLDs. Enable debug logging for this logger for a complete list of JARs that were scanned but no TLDs were found in them. Skipping unneeded JARs during scanning can improve startup time and JSP compilation time.
02-Mar-2019 14:14:51.014 INFO [localhost-startStop-1] org.apache.catalina.startup.HostConfig.deployDirectory Deployment of web application directory [D:\Ashish\softwares\apache-tomcat-8.5.35-windows-x64\apache-tomcat-8.5.35\webapps\ROOT] has finished in [1,296] ms
02-Mar-2019 14:14:51.021 INFO [main] org.apache.coyote.AbstractProtocol.start Starting ProtocolHandler ["http-nio-8082"]
02-Mar-2019 14:14:51.028 INFO [main] org.apache.coyote.AbstractProtocol.start Starting ProtocolHandler ["ajp-nio-8009"]
02-Mar-2019 14:14:51.030 INFO [main] org.apache.catalina.startup.Catalina.start Server startup in 19385 ms
02-Mar-2019 14:15:57.847 INFO [http-nio-8082-exec-7] org.hibernate.Version.logVersion HHH000412: Hibernate Core {5.3.0.Final}
02-Mar-2019 14:15:57.852 INFO [http-nio-8082-exec-7] org.hibernate.cfg.Environment.<clinit> HHH000206: hibernate.properties not found
02-Mar-2019 14:15:57.975 WARN [http-nio-8082-exec-7] org.hibernate.boot.jaxb.internal.stax.LocalXmlResourceResolver.resolveEntity HHH90000012: Recognized obsolete hibernate namespace http://hibernate.sourceforge.net/hibernate-configuration. Use namespace http://www.hibernate.org/dtd/hibernate-configuration instead.  Support for obsolete DTD/XSD namespaces may be removed at any time.
02-Mar-2019 14:15:58.661 INFO [http-nio-8082-exec-7] org.hibernate.spatial.integration.SpatialService.<init> HHH80000001: hibernate-spatial integration enabled : true
02-Mar-2019 14:15:58.716 INFO [http-nio-8082-exec-7] org.hibernate.annotations.common.reflection.java.JavaReflectionManager.<clinit> HCANN000001: Hibernate Commons Annotations {5.0.3.Final}
02-Mar-2019 14:15:59.058 WARN [http-nio-8082-exec-7] org.hibernate.engine.jdbc.connections.internal.DriverManagerConnectionProviderImpl.configure HHH10001002: Using Hibernate built-in connection pool (not for production use!)
02-Mar-2019 14:15:59.060 INFO [http-nio-8082-exec-7] org.hibernate.engine.jdbc.connections.internal.DriverManagerConnectionProviderImpl.buildCreator HHH10001005: using driver [oracle.jdbc.driver.OracleDriver] at URL [jdbc:oracle:thin:@127.0.0.1:1521:XE]
02-Mar-2019 14:15:59.061 INFO [http-nio-8082-exec-7] org.hibernate.engine.jdbc.connections.internal.DriverManagerConnectionProviderImpl.buildCreator HHH10001001: Connection properties: {user=admin, password=****}
02-Mar-2019 14:15:59.063 INFO [http-nio-8082-exec-7] org.hibernate.engine.jdbc.connections.internal.DriverManagerConnectionProviderImpl.buildCreator HHH10001003: Autocommit mode: false
02-Mar-2019 14:15:59.066 INFO [http-nio-8082-exec-7] org.hibernate.engine.jdbc.connections.internal.DriverManagerConnectionProviderImpl$PooledConnections.<init> HHH000115: Hibernate connection pool size: 20 (min=1)
02-Mar-2019 14:16:00.551 INFO [http-nio-8082-exec-7] org.hibernate.dialect.Dialect.<init> HHH000400: Using dialect: org.hibernate.dialect.Oracle10gDialect
02-Mar-2019 14:16:00.892 INFO [http-nio-8082-exec-7] org.hibernate.envers.boot.internal.EnversServiceImpl.configure Envers integration enabled? : true
02-Mar-2019 14:16:01.462 WARN [http-nio-8082-exec-7] org.hibernate.type.spi.TypeConfiguration$Scope.setSessionFactory HHH000233: Scoping types to session factory org.hibernate.internal.SessionFactoryImpl@79a49826 after already scoped org.hibernate.internal.SessionFactoryImpl@79a49826
02-Mar-2019 14:16:02.275 INFO [http-nio-8082-exec-7] org.hibernate.resource.transaction.backend.jdbc.internal.DdlTransactionIsolatorNonJtaImpl.getIsolatedConnection HHH10001501: Connection obtained from JdbcConnectionAccess [org.hibernate.engine.jdbc.env.internal.JdbcEnvironmentInitiator$ConnectionProviderJdbcConnectionAccess@7bb6f4e] for (non-JTA) DDL execution was not in auto-commit mode; the Connection 'local transaction' will be committed and the Connection will be set into auto-commit mode.
02-Mar-2019 14:16:02.705 INFO [http-nio-8082-exec-7] org.hibernate.hql.internal.QueryTranslatorFactoryInitiator.initiateService HHH000397: Using ASTQueryTranslatorFactory
